{"/home/karthi/Documents/Internship-Project/src/App.vue": {"path":"/home/karthi/Documents/Internship-Project/src/App.vue","statementMap":{"0":{"start":{"line":4,"column":29},"end":{"line":4,"column":150}},"1":{"start":{"line":5,"column":0},"end":{"line":7,"column":3}},"2":{"start":{"line":8,"column":0},"end":{"line":8,"column":25}},"3":{"start":{"line":41,"column":0},"end":{"line":41,"column":13}},"4":{"start":{"line":43,"column":0},"end":{"line":45,"column":3}},"5":{"start":{"line":46,"column":0},"end":{"line":46,"column":24}},"6":{"start":{"line":47,"column":11},"end":{"line":47,"column":25}},"7":{"start":{"line":49,"column":31},"end":{"line":49,"column":70}},"8":{"start":{"line":50,"column":29},"end":{"line":50,"column":66}},"9":{"start":{"line":51,"column":34},"end":{"line":51,"column":76}},"10":{"start":{"line":52,"column":2},"end":{"line":52,"column":246}},"11":{"start":{"line":53,"column":2},"end":{"line":53,"column":49}}},"fnMap":{"0":{"name":"render","decl":{"start":{"line":48,"column":9},"end":{"line":48,"column":15}},"loc":{"start":{"line":48,"column":30},"end":{"line":53,"column":1}},"line":48}},"branchMap":{},"s":{"0":1,"1":1,"2":1,"3":1,"4":1,"5":1,"6":1,"7":1,"8":1,"9":1,"10":1,"11":1},"f":{"0":1},"b":{},"inputSourceMap":{"0":"{","1":"\"","2":"v","3":"e","4":"r","5":"s","6":"i","7":"o","8":"n","9":"\"","10":":","11":"3","12":",","13":"\"","14":"s","15":"o","16":"u","17":"r","18":"c","19":"e","20":"s","21":"\"","22":":","23":"[","24":"\"","25":"/","26":"h","27":"o","28":"m","29":"e","30":"/","31":"k","32":"a","33":"r","34":"t","35":"h","36":"i","37":"/","38":"D","39":"o","40":"c","41":"u","42":"m","43":"e","44":"n","45":"t","46":"s","47":"/","48":"I","49":"n","50":"t","51":"e","52":"r","53":"n","54":"s","55":"h","56":"i","57":"p","58":"-","59":"P","60":"r","61":"o","62":"j","63":"e","64":"c","65":"t","66":"/","67":"s","68":"r","69":"c","70":"/","71":"A","72":"p","73":"p","74":".","75":"v","76":"u","77":"e","78":"\"","79":"]","80":",","81":"\"","82":"n","83":"a","84":"m","85":"e","86":"s","87":"\"","88":":","89":"[","90":"]","91":",","92":"\"","93":"m","94":"a","95":"p","96":"p","97":"i","98":"n","99":"g","100":"s","101":"\"","102":":","103":"\"","104":";","105":";","106":";","107":";","108":";","109":";","110":";","111":";","112":"A","113":"A","114":"Y","115":"A","116":";","117":"A","118":"A","119":"A","120":"A","121":";","122":"A","123":"A","124":"A","125":"A","126":";","127":"A","128":"A","129":"E","130":"A","131":";","132":"A","133":"A","134":"A","135":"A","136":";","137":"A","138":"A","139":"A","140":"A","141":";","142":"A","143":"A","144":"E","145":"A","146":";","147":"A","148":"A","149":"A","150":"A","151":";","152":"A","153":"A","154":"A","155":"A","156":";","157":"A","158":"A","159":"A","160":"2","161":"C","162":";","163":"A","164":"A","165":"A","166":"A","167":",","168":"e","169":"A","170":"E","171":"5","172":"B","173":";","174":"E","175":"A","176":"E","177":"b","178":",","179":"I","180":"A","181":"A","182":"I","183":",","184":"E","185":"A","186":"A","187":"E","188":",","189":"K","190":"A","191":"A","192":"K","193":";","194":"E","195":"A","196":"E","197":"X","198":",","199":"U","200":"A","201":"A","202":"U","203":",","204":"E","205":"A","206":"A","207":"E","208":";","209":"I","210":"A","211":"E","212":"V","213":",","214":"O","215":"A","216":"A","217":"O","218":";","219":"I","220":"A","221":"A","222":"P","223":";","224":"I","225":"A","226":"A","227":"A","228":";","229":"I","230":"A","231":"A","232":"A","233":";","234":"I","235":"A","236":"A","237":"A","238":",","239":"O","240":"A","241":"A","242":"O","243":";","244":"I","245":"A","246":"E","247":"P","248":",","249":"Y","250":"A","251":"A","252":"Y","253":";","254":"I","255":"A","256":"A","257":"Z","258":";","259":"I","260":"A","261":"A","262":"A","263":";","264":"I","265":"A","266":"A","267":"A","268":";","269":"I","270":"A","271":"A","272":"A","273":",","274":"O","275":"A","276":"A","277":"Y","278":";","279":"I","280":"A","281":"E","282":"Z","283":",","284":"S","285":"A","286":"A","287":"S","288":";","289":"I","290":"A","291":"A","292":"T","293":";","294":"I","295":"A","296":"A","297":"A","298":";","299":"I","300":"A","301":"A","302":"A","303":";","304":"I","305":"A","306":"A","307":"A","308":";","309":"E","310":"A","311":"E","312":"F","313":";","314":"A","315":"A","316":"E","317":"F","318":",","319":"C","320":"A","321":"A","322":"C","323":";","324":"A","325":"A","326":"A","327":"A","328":";","329":"A","330":"A","331":"A","332":"A","333":"\"","334":",","335":"\"","336":"f","337":"i","338":"l","339":"e","340":"\"","341":":","342":"\"","343":"/","344":"h","345":"o","346":"m","347":"e","348":"/","349":"k","350":"a","351":"r","352":"t","353":"h","354":"i","355":"/","356":"D","357":"o","358":"c","359":"u","360":"m","361":"e","362":"n","363":"t","364":"s","365":"/","366":"I","367":"n","368":"t","369":"e","370":"r","371":"n","372":"s","373":"h","374":"i","375":"p","376":"-","377":"P","378":"r","379":"o","380":"j","381":"e","382":"c","383":"t","384":"/","385":"s","386":"r","387":"c","388":"/","389":"A","390":"p","391":"p","392":".","393":"v","394":"u","395":"e","396":"\"","397":",","398":"\"","399":"s","400":"o","401":"u","402":"r","403":"c","404":"e","405":"s","406":"C","407":"o","408":"n","409":"t","410":"e","411":"n","412":"t","413":"\"","414":":","415":"[","416":"\"","417":"<","418":"t","419":"e","420":"m","421":"p","422":"l","423":"a","424":"t","425":"e","426":">","427":"\\","428":"n","429":"\\","430":"t","431":" ","432":"\\","433":"n","434":" ","435":" ","436":"<","437":"H","438":"e","439":"a","440":"d","441":"e","442":"r","443":"N","444":"a","445":"v","446":">","447":"<","448":"/","449":"H","450":"e","451":"a","452":"d","453":"e","454":"r","455":"N","456":"a","457":"v","458":">","459":"\\","460":"n","461":"\\","462":"t","463":" ","464":"\\","465":"n","466":" ","467":" ","468":"<","469":"S","470":"i","471":"d","472":"e","473":"B","474":"a","475":"r","476":">","477":"<","478":"/","479":"S","480":"i","481":"d","482":"e","483":"B","484":"a","485":"r","486":">","487":"\\","488":"n","489":"\\","490":"t","491":" ","492":"\\","493":"n","494":" ","495":" ","496":"<","497":"C","498":"o","499":"n","500":"t","501":"e","502":"n","503":"t","504":"S","505":"p","506":"a","507":"c","508":"e","509":">","510":"<","511":"/","512":"C","513":"o","514":"n","515":"t","516":"e","517":"n","518":"t","519":"S","520":"p","521":"a","522":"c","523":"e","524":">","525":"\\","526":"n","527":"\\","528":"t","529":" ","530":"\\","531":"n","532":"<","533":"/","534":"t","535":"e","536":"m","537":"p","538":"l","539":"a","540":"t","541":"e","542":">","543":"\\","544":"n","545":"\\","546":"n","547":"<","548":"s","549":"c","550":"r","551":"i","552":"p","553":"t","554":">","555":"\\","556":"n","557":"\\","558":"n","559":"i","560":"m","561":"p","562":"o","563":"r","564":"t","565":" ","566":"H","567":"e","568":"a","569":"d","570":"e","571":"r","572":"N","573":"a","574":"v","575":" ","576":"f","577":"r","578":"o","579":"m","580":" ","581":"\\","582":"\"","583":"@","584":"/","585":"c","586":"o","587":"m","588":"p","589":"o","590":"n","591":"e","592":"n","593":"t","594":"s","595":"/","596":"H","597":"e","598":"a","599":"d","600":"e","601":"r","602":"N","603":"a","604":"v","605":"\\","606":"\"","607":";","608":"\\","609":"n","610":"\\","611":"n","612":"i","613":"m","614":"p","615":"o","616":"r","617":"t","618":" ","619":"C","620":"o","621":"n","622":"t","623":"e","624":"n","625":"t","626":"S","627":"p","628":"a","629":"c","630":"e","631":" ","632":"f","633":"r","634":"o","635":"m","636":" ","637":"\\","638":"\"","639":"@","640":"/","641":"p","642":"a","643":"g","644":"e","645":"s","646":"/","647":"C","648":"o","649":"n","650":"t","651":"e","652":"n","653":"t","654":"S","655":"p","656":"a","657":"c","658":"e","659":"\\","660":"\"","661":";","662":"\\","663":"n","664":"\\","665":"n","666":"i","667":"m","668":"p","669":"o","670":"r","671":"t","672":" ","673":"S","674":"i","675":"d","676":"e","677":"B","678":"a","679":"r","680":" ","681":"f","682":"r","683":"o","684":"m","685":" ","686":"\\","687":"\"","688":"@","689":"/","690":"c","691":"o","692":"m","693":"p","694":"o","695":"n","696":"e","697":"n","698":"t","699":"s","700":"/","701":"S","702":"i","703":"d","704":"e","705":"N","706":"a","707":"v","708":"\\","709":"\"","710":";","711":"\\","712":"n","713":"\\","714":"n","715":"e","716":"x","717":"p","718":"o","719":"r","720":"t","721":" ","722":"d","723":"e","724":"f","725":"a","726":"u","727":"l","728":"t","729":" ","730":"{","731":"\\","732":"n","733":"\\","734":"t","735":" ","736":"\\","737":"n","738":" ","739":" ","740":"n","741":"a","742":"m","743":"e","744":":","745":" ","746":"'","747":"A","748":"p","749":"p","750":"'","751":",","752":"\\","753":"n","754":"\\","755":"t","756":" ","757":"\\","758":"n","759":" ","760":" ","761":"c","762":"o","763":"m","764":"p","765":"o","766":"n","767":"e","768":"n","769":"t","770":"s","771":":","772":" ","773":"{","774":"\\","775":"n","776":"\\","777":"t","778":"\\","779":"t","780":"\\","781":"n","782":" ","783":" ","784":" ","785":" ","786":"S","787":"i","788":"d","789":"e","790":"B","791":"a","792":"r","793":",","794":"\\","795":"n","796":"\\","797":"t","798":"\\","799":"t","800":"\\","801":"n","802":" ","803":" ","804":" ","805":" ","806":"C","807":"o","808":"n","809":"t","810":"e","811":"n","812":"t","813":"S","814":"p","815":"a","816":"c","817":"e","818":",","819":"\\","820":"n","821":"\\","822":"t","823":"\\","824":"t","825":"\\","826":"n","827":" ","828":" ","829":" ","830":" ","831":"H","832":"e","833":"a","834":"d","835":"e","836":"r","837":"N","838":"a","839":"v","840":"\\","841":"n","842":"\\","843":"t","844":"\\","845":"t","846":"\\","847":"n","848":" ","849":" ","850":"}","851":"\\","852":"n","853":" ","854":" ","855":"\\","856":"n","857":"}","858":"\\","859":"n","860":"\\","861":"n","862":"<","863":"/","864":"s","865":"c","866":"r","867":"i","868":"p","869":"t","870":">","871":"\\","872":"n","873":"\\","874":"n","875":"<","876":"s","877":"t","878":"y","879":"l","880":"e","881":">","882":"\\","883":"n","884":"\\","885":"n","886":"<","887":"/","888":"s","889":"t","890":"y","891":"l","892":"e","893":">","894":"\\","895":"n","896":"\"","897":"]","898":"}"},"_coverageSchema":"1a1c01bbd47fc00a2c39e90264f33305004495a9","hash":"734ff66bf6a9c985e45cbc08005d3c0f113a0b32"}
,"/home/karthi/Documents/Internship-Project/src/main.js": {"path":"/home/karthi/Documents/Internship-Project/src/main.js","statementMap":{"0":{"start":{"line":13,"column":0},"end":{"line":13,"column":33}},"1":{"start":{"line":17,"column":0},"end":{"line":21,"column":3}},"2":{"start":{"line":19,"column":1},"end":{"line":19,"column":34}},"3":{"start":{"line":25,"column":14},"end":{"line":84,"column":2}},"4":{"start":{"line":29,"column":2},"end":{"line":35,"column":3}},"5":{"start":{"line":44,"column":3},"end":{"line":58,"column":4}},"6":{"start":{"line":46,"column":17},"end":{"line":46,"column":79}},"7":{"start":{"line":48,"column":4},"end":{"line":48,"column":35}},"8":{"start":{"line":54,"column":4},"end":{"line":54,"column":17}},"9":{"start":{"line":56,"column":4},"end":{"line":56,"column":23}},"10":{"start":{"line":68,"column":3},"end":{"line":68,"column":23}},"11":{"start":{"line":78,"column":3},"end":{"line":78,"column":22}},"12":{"start":{"line":86,"column":12},"end":{"line":86,"column":26}},"13":{"start":{"line":88,"column":1},"end":{"line":88,"column":17}},"14":{"start":{"line":90,"column":1},"end":{"line":90,"column":15}},"15":{"start":{"line":96,"column":0},"end":{"line":96,"column":24}},"16":{"start":{"line":98,"column":0},"end":{"line":98,"column":17}}},"fnMap":{"0":{"name":"(anonymous_0)","decl":{"start":{"line":17,"column":30},"end":{"line":17,"column":31}},"loc":{"start":{"line":17,"column":38},"end":{"line":21,"column":1}},"line":17},"1":{"name":"(anonymous_1)","decl":{"start":{"line":27,"column":1},"end":{"line":27,"column":2}},"loc":{"start":{"line":27,"column":8},"end":{"line":37,"column":2}},"line":27},"2":{"name":"(anonymous_2)","decl":{"start":{"line":42,"column":2},"end":{"line":42,"column":3}},"loc":{"start":{"line":42,"column":31},"end":{"line":60,"column":3}},"line":42},"3":{"name":"(anonymous_3)","decl":{"start":{"line":66,"column":2},"end":{"line":66,"column":3}},"loc":{"start":{"line":66,"column":26},"end":{"line":70,"column":3}},"line":66},"4":{"name":"(anonymous_4)","decl":{"start":{"line":76,"column":2},"end":{"line":76,"column":3}},"loc":{"start":{"line":76,"column":17},"end":{"line":80,"column":3}},"line":76}},"branchMap":{},"s":{"0":0,"1":0,"2":0,"3":0,"4":0,"5":0,"6":0,"7":0,"8":0,"9":0,"10":0,"11":0,"12":0,"13":0,"14":0,"15":0,"16":0},"f":{"0":0,"1":0,"2":0,"3":0,"4":0},"b":{}}
,"/home/karthi/Documents/Internship-Project/src/router.js": {"path":"/home/karthi/Documents/Internship-Project/src/router.js","statementMap":{"0":{"start":{"line":11,"column":14},"end":{"line":29,"column":2}}},"fnMap":{},"branchMap":{},"s":{"0":0},"f":{},"b":{}}
,"/home/karthi/Documents/Internship-Project/src/components/HeaderNav.vue": {"path":"/home/karthi/Documents/Internship-Project/src/components/HeaderNav.vue","statementMap":{"0":{"start":{"line":4,"column":0},"end":{"line":6,"column":3}},"1":{"start":{"line":7,"column":0},"end":{"line":7,"column":25}},"2":{"start":{"line":8,"column":15},"end":{"line":10,"column":1}},"3":{"start":{"line":13,"column":0},"end":{"line":13,"column":13}},"4":{"start":{"line":15,"column":0},"end":{"line":17,"column":3}},"5":{"start":{"line":18,"column":0},"end":{"line":18,"column":24}},"6":{"start":{"line":19,"column":11},"end":{"line":19,"column":25}},"7":{"start":{"line":20,"column":19},"end":{"line":22,"column":1}},"8":{"start":{"line":23,"column":32},"end":{"line":34,"column":26}},"9":{"start":{"line":35,"column":32},"end":{"line":37,"column":26}},"10":{"start":{"line":38,"column":19},"end":{"line":38,"column":43}},"11":{"start":{"line":40,"column":2},"end":{"line":40,"column":92}},"12":{"start":{"line":41,"column":2},"end":{"line":41,"column":49}}},"fnMap":{"0":{"name":"render","decl":{"start":{"line":39,"column":9},"end":{"line":39,"column":15}},"loc":{"start":{"line":39,"column":30},"end":{"line":41,"column":1}},"line":39}},"branchMap":{},"s":{"0":1,"1":1,"2":1,"3":1,"4":1,"5":1,"6":1,"7":1,"8":1,"9":1,"10":1,"11":0,"12":1},"f":{"0":0},"b":{},"inputSourceMap":{"0":"{","1":"\"","2":"v","3":"e","4":"r","5":"s","6":"i","7":"o","8":"n","9":"\"","10":":","11":"3","12":",","13":"\"","14":"s","15":"o","16":"u","17":"r","18":"c","19":"e","20":"s","21":"\"","22":":","23":"[","24":"\"","25":"/","26":"h","27":"o","28":"m","29":"e","30":"/","31":"k","32":"a","33":"r","34":"t","35":"h","36":"i","37":"/","38":"D","39":"o","40":"c","41":"u","42":"m","43":"e","44":"n","45":"t","46":"s","47":"/","48":"I","49":"n","50":"t","51":"e","52":"r","53":"n","54":"s","55":"h","56":"i","57":"p","58":"-","59":"P","60":"r","61":"o","62":"j","63":"e","64":"c","65":"t","66":"/","67":"s","68":"r","69":"c","70":"/","71":"c","72":"o","73":"m","74":"p","75":"o","76":"n","77":"e","78":"n","79":"t","80":"s","81":"/","82":"H","83":"e","84":"a","85":"d","86":"e","87":"r","88":"N","89":"a","90":"v","91":".","92":"v","93":"u","94":"e","95":"\"","96":"]","97":",","98":"\"","99":"n","100":"a","101":"m","102":"e","103":"s","104":"\"","105":":","106":"[","107":"]","108":",","109":"\"","110":"m","111":"a","112":"p","113":"p","114":"i","115":"n","116":"g","117":"s","118":"\"","119":":","120":"\"","121":";","122":";","123":";","124":";","125":";","126":";","127":";","128":"e","129":"A","130":"s","131":"B","132":"e","133":";","134":"E","135":"A","136":"E","137":"b","138":",","139":"I","140":"A","141":"A","142":"I","143":",","144":"E","145":"A","146":"A","147":"E","148":";","149":"A","150":"A","151":"E","152":"R","153":",","154":"C","155":"A","156":"A","157":"C","158":";","159":"A","160":"A","161":"A","162":"A","163":";","164":"A","165":"A","166":"A","167":"A","168":"\"","169":",","170":"\"","171":"f","172":"i","173":"l","174":"e","175":"\"","176":":","177":"\"","178":"/","179":"h","180":"o","181":"m","182":"e","183":"/","184":"k","185":"a","186":"r","187":"t","188":"h","189":"i","190":"/","191":"D","192":"o","193":"c","194":"u","195":"m","196":"e","197":"n","198":"t","199":"s","200":"/","201":"I","202":"n","203":"t","204":"e","205":"r","206":"n","207":"s","208":"h","209":"i","210":"p","211":"-","212":"P","213":"r","214":"o","215":"j","216":"e","217":"c","218":"t","219":"/","220":"s","221":"r","222":"c","223":"/","224":"c","225":"o","226":"m","227":"p","228":"o","229":"n","230":"e","231":"n","232":"t","233":"s","234":"/","235":"H","236":"e","237":"a","238":"d","239":"e","240":"r","241":"N","242":"a","243":"v","244":".","245":"v","246":"u","247":"e","248":"\"","249":",","250":"\"","251":"s","252":"o","253":"u","254":"r","255":"c","256":"e","257":"s","258":"C","259":"o","260":"n","261":"t","262":"e","263":"n","264":"t","265":"\"","266":":","267":"[","268":"\"","269":"<","270":"t","271":"e","272":"m","273":"p","274":"l","275":"a","276":"t","277":"e","278":">","279":"\\","280":"n","281":" ","282":" ","283":" ","284":" ","285":" ","286":" ","287":"<","288":"n","289":"a","290":"v","291":" ","292":"c","293":"l","294":"a","295":"s","296":"s","297":"=","298":"\\","299":"\"","300":"m","301":"a","302":"i","303":"n","304":"-","305":"h","306":"e","307":"a","308":"d","309":"e","310":"r","311":" ","312":"n","313":"a","314":"v","315":"b","316":"a","317":"r","318":" ","319":"n","320":"a","321":"v","322":"b","323":"a","324":"r","325":"-","326":"e","327":"x","328":"p","329":"a","330":"n","331":"d","332":" ","333":"n","334":"a","335":"v","336":"b","337":"a","338":"r","339":"-","340":"w","341":"h","342":"i","343":"t","344":"e","345":" ","346":"n","347":"a","348":"v","349":"b","350":"a","351":"r","352":"-","353":"l","354":"i","355":"g","356":"h","357":"t","358":"\\","359":"\"","360":">","361":"\\","362":"n","363":" ","364":" ","365":" ","366":" ","367":" ","368":" ","369":"\\","370":"n","371":" ","372":" ","373":" ","374":" ","375":" ","376":" ","377":" ","378":" ","379":"<","380":"u","381":"l","382":" ","383":"c","384":"l","385":"a","386":"s","387":"s","388":"=","389":"\\","390":"\"","391":"n","392":"a","393":"v","394":"b","395":"a","396":"r","397":"-","398":"n","399":"a","400":"v","401":"\\","402":"\"","403":">","404":"\\","405":"n","406":"\\","407":"t","408":"\\","409":"t","410":"\\","411":"t","412":" ","413":" ","414":"\\","415":"n","416":" ","417":" ","418":" ","419":" ","420":" ","421":" ","422":" ","423":" ","424":" ","425":" ","426":"<","427":"l","428":"i","429":" ","430":"c","431":"l","432":"a","433":"s","434":"s","435":"=","436":"\\","437":"\"","438":"n","439":"a","440":"v","441":"-","442":"i","443":"t","444":"e","445":"m","446":"\\","447":"\"","448":">","449":"\\","450":"n","451":"\\","452":"t","453":"\\","454":"t","455":"\\","456":"t","457":"\\","458":"t","459":"\\","460":"n","461":" ","462":" ","463":" ","464":" ","465":" ","466":" ","467":" ","468":" ","469":" ","470":" ","471":" ","472":" ","473":"<","474":"a","475":" ","476":"c","477":"l","478":"a","479":"s","480":"s","481":"=","482":"\\","483":"\"","484":"n","485":"a","486":"v","487":"-","488":"l","489":"i","490":"n","491":"k","492":"\\","493":"\"","494":" ","495":"d","496":"a","497":"t","498":"a","499":"-","500":"w","501":"i","502":"d","503":"g","504":"e","505":"t","506":"=","507":"\\","508":"\"","509":"p","510":"u","511":"s","512":"h","513":"m","514":"e","515":"n","516":"u","517":"\\","518":"\"","519":" ","520":"h","521":"r","522":"e","523":"f","524":"=","525":"\\","526":"\"","527":"#","528":"\\","529":"\"","530":" ","531":"r","532":"o","533":"l","534":"e","535":"=","536":"\\","537":"\"","538":"b","539":"u","540":"t","541":"t","542":"o","543":"n","544":"\\","545":"\"","546":">","547":"<","548":"i","549":" ","550":"c","551":"l","552":"a","553":"s","554":"s","555":"=","556":"\\","557":"\"","558":"f","559":"a","560":"s","561":" ","562":"f","563":"a","564":"-","565":"b","566":"a","567":"r","568":"s","569":"\\","570":"\"","571":">","572":"<","573":"/","574":"i","575":">","576":"<","577":"/","578":"a","579":">","580":"\\","581":"n","582":"\\","583":"t","584":"\\","585":"t","586":"\\","587":"t","588":"\\","589":"t","590":"\\","591":"n","592":" ","593":" ","594":" ","595":" ","596":" ","597":" ","598":" ","599":" ","600":" ","601":" ","602":"<","603":"/","604":"l","605":"i","606":">","607":"\\","608":"n","609":"\\","610":"t","611":"\\","612":"t","613":"\\","614":"t","615":" ","616":" ","617":"\\","618":"n","619":" ","620":" ","621":" ","622":" ","623":" ","624":" ","625":" ","626":" ","627":"<","628":"/","629":"u","630":"l","631":">","632":"\\","633":"n","634":"\\","635":"t","636":" ","637":" ","638":" ","639":" ","640":" ","641":"\\","642":"n","643":" ","644":" ","645":" ","646":" ","647":" ","648":" ","649":" ","650":" ","651":"<","652":"u","653":"l","654":" ","655":"c","656":"l","657":"a","658":"s","659":"s","660":"=","661":"\\","662":"\"","663":"n","664":"a","665":"v","666":"b","667":"a","668":"r","669":"-","670":"n","671":"a","672":"v","673":" ","674":"m","675":"l","676":"-","677":"a","678":"u","679":"t","680":"o","681":"\\","682":"\"","683":">","684":"\\","685":"n","686":"\\","687":"t","688":" ","689":" ","690":" ","691":" ","692":" ","693":" ","694":" ","695":"\\","696":"n","697":" ","698":" ","699":" ","700":" ","701":" ","702":" ","703":" ","704":" ","705":"<","706":"/","707":"u","708":"l","709":">","710":"\\","711":"n","712":"\\","713":"t","714":"\\","715":"t","716":"\\","717":"t","718":"\\","719":"n","720":" ","721":" ","722":" ","723":" ","724":" ","725":" ","726":"<","727":"/","728":"n","729":"a","730":"v","731":">","732":"\\","733":"n","734":"\\","735":"t","736":" ","737":" ","738":"\\","739":"n","740":"<","741":"/","742":"t","743":"e","744":"m","745":"p","746":"l","747":"a","748":"t","749":"e","750":">","751":"\\","752":"n","753":"\\","754":"n","755":"<","756":"s","757":"c","758":"r","759":"i","760":"p","761":"t","762":">","763":"\\","764":"n","765":"e","766":"x","767":"p","768":"o","769":"r","770":"t","771":" ","772":"d","773":"e","774":"f","775":"a","776":"u","777":"l","778":"t","779":" ","780":"{","781":"\\","782":"n","783":"\\","784":"t","785":" ","786":"\\","787":"n","788":" ","789":" ","790":"n","791":"a","792":"m","793":"e","794":":","795":" ","796":"'","797":"H","798":"e","799":"a","800":"d","801":"e","802":"r","803":"N","804":"a","805":"v","806":"'","807":",","808":"\\","809":"n","810":"\\","811":"t","812":" ","813":"\\","814":"n","815":"}","816":"\\","817":"n","818":"<","819":"/","820":"s","821":"c","822":"r","823":"i","824":"p","825":"t","826":">","827":"\\","828":"n","829":"\\","830":"n","831":"<","832":"s","833":"t","834":"y","835":"l","836":"e","837":" ","838":"s","839":"c","840":"o","841":"p","842":"e","843":"d","844":">","845":"\\","846":"n","847":"\\","848":"n","849":"<","850":"/","851":"s","852":"t","853":"y","854":"l","855":"e","856":">","857":"\\","858":"n","859":"\"","860":"]","861":"}"},"_coverageSchema":"1a1c01bbd47fc00a2c39e90264f33305004495a9","hash":"0fcd0663a44bc72288cf20cbec655267f65f701e"}
,"/home/karthi/Documents/Internship-Project/src/components/ItemsTodo.vue": {"path":"/home/karthi/Documents/Internship-Project/src/components/ItemsTodo.vue","statementMap":{"0":{"start":{"line":4,"column":29},"end":{"line":4,"column":150}},"1":{"start":{"line":5,"column":0},"end":{"line":7,"column":3}},"2":{"start":{"line":8,"column":0},"end":{"line":8,"column":25}},"3":{"start":{"line":9,"column":0},"end":{"line":9,"column":44}},"4":{"start":{"line":91,"column":0},"end":{"line":91,"column":13}},"5":{"start":{"line":93,"column":0},"end":{"line":95,"column":3}},"6":{"start":{"line":96,"column":0},"end":{"line":96,"column":24}},"7":{"start":{"line":97,"column":11},"end":{"line":97,"column":25}},"8":{"start":{"line":98,"column":19},"end":{"line":100,"column":1}},"9":{"start":{"line":101,"column":32},"end":{"line":101,"column":341}},"10":{"start":{"line":102,"column":19},"end":{"line":104,"column":1}},"11":{"start":{"line":105,"column":19},"end":{"line":107,"column":1}},"12":{"start":{"line":108,"column":19},"end":{"line":110,"column":1}},"13":{"start":{"line":111,"column":32},"end":{"line":115,"column":72}},"14":{"start":{"line":116,"column":19},"end":{"line":118,"column":1}},"15":{"start":{"line":119,"column":32},"end":{"line":121,"column":26}},"16":{"start":{"line":122,"column":19},"end":{"line":122,"column":31}},"17":{"start":{"line":123,"column":20},"end":{"line":125,"column":1}},"18":{"start":{"line":126,"column":20},"end":{"line":128,"column":1}},"19":{"start":{"line":129,"column":33},"end":{"line":145,"column":24}},"20":{"start":{"line":146,"column":20},"end":{"line":148,"column":1}},"21":{"start":{"line":149,"column":33},"end":{"line":151,"column":26}},"22":{"start":{"line":152,"column":20},"end":{"line":152,"column":31}},"23":{"start":{"line":153,"column":33},"end":{"line":155,"column":26}},"24":{"start":{"line":156,"column":20},"end":{"line":159,"column":1}},"25":{"start":{"line":160,"column":33},"end":{"line":162,"column":26}},"26":{"start":{"line":163,"column":20},"end":{"line":163,"column":33}},"27":{"start":{"line":164,"column":20},"end":{"line":166,"column":1}},"28":{"start":{"line":167,"column":20},"end":{"line":167,"column":31}},"29":{"start":{"line":168,"column":33},"end":{"line":174,"column":150}},"30":{"start":{"line":175,"column":33},"end":{"line":177,"column":26}},"31":{"start":{"line":180,"column":33},"end":{"line":180,"column":74}},"32":{"start":{"line":181,"column":2},"end":{"line":215,"column":119}},"33":{"start":{"line":185,"column":49},"end":{"line":185,"column":66}},"34":{"start":{"line":187,"column":4},"end":{"line":201,"column":93}},"35":{"start":{"line":194,"column":39},"end":{"line":194,"column":89}},"36":{"start":{"line":200,"column":25},"end":{"line":200,"column":49}},"37":{"start":{"line":205,"column":49},"end":{"line":205,"column":60}},"38":{"start":{"line":207,"column":4},"end":{"line":210,"column":80}},"39":{"start":{"line":209,"column":25},"end":{"line":209,"column":47}},"40":{"start":{"line":213,"column":49},"end":{"line":213,"column":60}},"41":{"start":{"line":216,"column":2},"end":{"line":216,"column":49}}},"fnMap":{"0":{"name":"render","decl":{"start":{"line":179,"column":9},"end":{"line":179,"column":15}},"loc":{"start":{"line":179,"column":30},"end":{"line":216,"column":1}},"line":179},"1":{"name":"(anonymous_1)","decl":{"start":{"line":185,"column":39},"end":{"line":185,"column":40}},"loc":{"start":{"line":185,"column":49},"end":{"line":185,"column":66}},"line":185},"2":{"name":"(anonymous_2)","decl":{"start":{"line":186,"column":257},"end":{"line":186,"column":258}},"loc":{"start":{"line":186,"column":265},"end":{"line":202,"column":3}},"line":186},"3":{"name":"(anonymous_3)","decl":{"start":{"line":194,"column":33},"end":{"line":194,"column":34}},"loc":{"start":{"line":194,"column":39},"end":{"line":194,"column":89}},"line":194},"4":{"name":"(anonymous_4)","decl":{"start":{"line":200,"column":15},"end":{"line":200,"column":16}},"loc":{"start":{"line":200,"column":25},"end":{"line":200,"column":49}},"line":200},"5":{"name":"(anonymous_5)","decl":{"start":{"line":205,"column":39},"end":{"line":205,"column":40}},"loc":{"start":{"line":205,"column":49},"end":{"line":205,"column":60}},"line":205},"6":{"name":"(anonymous_6)","decl":{"start":{"line":206,"column":207},"end":{"line":206,"column":208}},"loc":{"start":{"line":206,"column":221},"end":{"line":211,"column":3}},"line":206},"7":{"name":"(anonymous_7)","decl":{"start":{"line":209,"column":15},"end":{"line":209,"column":16}},"loc":{"start":{"line":209,"column":25},"end":{"line":209,"column":47}},"line":209},"8":{"name":"(anonymous_8)","decl":{"start":{"line":213,"column":39},"end":{"line":213,"column":40}},"loc":{"start":{"line":213,"column":49},"end":{"line":213,"column":60}},"line":213}},"branchMap":{"0":{"loc":{"start":{"line":185,"column":13},"end":{"line":185,"column":67}},"type":"binary-expr","locations":[{"start":{"line":185,"column":13},"end":{"line":185,"column":22}},{"start":{"line":185,"column":27},"end":{"line":185,"column":66}}],"line":185},"1":{"loc":{"start":{"line":202,"column":38},"end":{"line":202,"column":184}},"type":"cond-expr","locations":[{"start":{"line":202,"column":54},"end":{"line":202,"column":138}},{"start":{"line":202,"column":142},"end":{"line":202,"column":184}}],"line":202},"2":{"loc":{"start":{"line":202,"column":238},"end":{"line":206,"column":58}},"type":"cond-expr","locations":[{"start":{"line":202,"column":256},"end":{"line":206,"column":12}},{"start":{"line":206,"column":16},"end":{"line":206,"column":58}}],"line":202},"3":{"loc":{"start":{"line":205,"column":13},"end":{"line":205,"column":61}},"type":"binary-expr","locations":[{"start":{"line":205,"column":13},"end":{"line":205,"column":22}},{"start":{"line":205,"column":27},"end":{"line":205,"column":60}}],"line":205},"4":{"loc":{"start":{"line":211,"column":36},"end":{"line":215,"column":58}},"type":"cond-expr","locations":[{"start":{"line":211,"column":69},"end":{"line":215,"column":12}},{"start":{"line":215,"column":16},"end":{"line":215,"column":58}}],"line":211},"5":{"loc":{"start":{"line":213,"column":13},"end":{"line":213,"column":61}},"type":"binary-expr","locations":[{"start":{"line":213,"column":13},"end":{"line":213,"column":22}},{"start":{"line":213,"column":27},"end":{"line":213,"column":60}}],"line":213}},"s":{"0":1,"1":1,"2":1,"3":1,"4":1,"5":1,"6":1,"7":1,"8":1,"9":1,"10":1,"11":1,"12":1,"13":1,"14":1,"15":1,"16":1,"17":1,"18":1,"19":1,"20":1,"21":1,"22":1,"23":1,"24":1,"25":1,"26":1,"27":1,"28":1,"29":1,"30":1,"31":6,"32":6,"33":2,"34":0,"35":0,"36":0,"37":0,"38":0,"39":0,"40":0,"41":1},"f":{"0":6,"1":2,"2":0,"3":0,"4":0,"5":0,"6":0,"7":0,"8":0},"b":{"0":[6,6],"1":[0,6],"2":[0,6],"3":[0,0],"4":[0,6],"5":[0,0]},"inputSourceMap":{"0":"{","1":"\"","2":"v","3":"e","4":"r","5":"s","6":"i","7":"o","8":"n","9":"\"","10":":","11":"3","12":",","13":"\"","14":"s","15":"o","16":"u","17":"r","18":"c","19":"e","20":"s","21":"\"","22":":","23":"[","24":"\"","25":"/","26":"h","27":"o","28":"m","29":"e","30":"/","31":"k","32":"a","33":"r","34":"t","35":"h","36":"i","37":"/","38":"D","39":"o","40":"c","41":"u","42":"m","43":"e","44":"n","45":"t","46":"s","47":"/","48":"I","49":"n","50":"t","51":"e","52":"r","53":"n","54":"s","55":"h","56":"i","57":"p","58":"-","59":"P","60":"r","61":"o","62":"j","63":"e","64":"c","65":"t","66":"/","67":"s","68":"r","69":"c","70":"/","71":"c","72":"o","73":"m","74":"p","75":"o","76":"n","77":"e","78":"n","79":"t","80":"s","81":"/","82":"I","83":"t","84":"e","85":"m","86":"s","87":"T","88":"o","89":"d","90":"o","91":".","92":"v","93":"u","94":"e","95":"\"","96":"]","97":",","98":"\"","99":"n","100":"a","101":"m","102":"e","103":"s","104":"\"","105":":","106":"[","107":"]","108":",","109":"\"","110":"m","111":"a","112":"p","113":"p","114":"i","115":"n","116":"g","117":"s","118":"\"","119":":","120":"\"","121":";","122":";","123":";","124":";","125":";","126":";","127":";","128":";","129":";","130":"A","131":"A","132":"w","133":"J","134":"A","135":";","136":"A","137":"A","138":"A","139":"A","140":";","141":"A","142":"A","143":"A","144":"A","145":";","146":"A","147":"A","148":"A","149":"0","150":"B","151":";","152":"A","153":"A","154":"A","155":"A","156":",","157":"e","158":"A","159":"C","160":"X","161":";","162":"E","163":"A","164":"E","165":"d","166":",","167":"I","168":"A","169":"A","170":"I","171":",","172":"E","173":"A","174":"A","175":"C","176":",","177":"W","178":"A","179":"A","180":"W","181":";","182":"E","183":"A","184":"E","185":"f","186":",","187":"I","188":"A","189":"A","190":"I","191":",","192":"G","193":"A","194":"A","195":"G","196":";","197":"I","198":"A","199":"E","200":"J","201":",","202":"O","203":"A","204":"A","205":"O","206":";","207":"M","208":"A","209":"C","210":"P","211":",","212":"K","213":"A","214":"A","215":"K","216":",","217":"E","218":"A","219":"A","220":"C","221":",","222":"E","223":"A","224":"A","225":"E","226":";","227":"M","228":"A","229":"E","230":"R","231":",","232":"E","233":"A","234":"A","235":"E","236":",","237":"E","238":"A","239":"A","240":"C","241":",","242":"I","243":"A","244":"A","245":"I","246":";","247":"M","248":"A","249":"E","250":"P","251":",","252":"M","253":"A","254":"A","255":"M","256":",","257":"E","258":"A","259":"A","260":"C","261":",","262":"I","263":"A","264":"A","265":"I","266":";","267":"M","268":"A","269":"E","270":"X","271":",","272":"K","273":"A","274":"A","275":"K","276":",","277":"E","278":"A","279":"A","280":"C","281":",","282":"E","283":"A","284":"A","285":"E","286":";","287":"M","288":"A","289":"E","290":"R","291":",","292":"I","293":"A","294":"A","295":"I","296":",","297":"E","298":"A","299":"A","300":"C","301":",","302":"E","303":"A","304":"A","305":"E","306":";","307":"M","308":"A","309":"E","310":"P","311":",","312":"O","313":"A","314":"A","315":"O","316":",","317":"E","318":"A","319":"A","320":"C","321":",","322":"6","323":"C","324":"A","325":"A","326":"6","327":"C","328":";","329":"M","330":"A","331":"E","332":"r","333":"D","334":",","335":"I","336":"A","337":"A","338":"I","339":",","340":"E","341":"A","342":"A","343":"C","344":",","345":"C","346":"A","347":"A","348":"C","349":";","350":"M","351":"A","352":"E","353":"N","354":",","355":"O","356":"A","357":"A","358":"O","359":",","360":"E","361":"A","362":"A","363":"C","364":",","365":"E","366":"A","367":"A","368":"E","369":";","370":"M","371":"A","372":"E","373":"V","374":",","375":"K","376":"A","377":"A","378":"K","379":",","380":"E","381":"A","382":"A","383":"C","384":",","385":"E","386":"A","387":"A","388":"E","389":";","390":"M","391":"A","392":"E","393":"R","394":",","395":"O","396":"A","397":"A","398":"O","399":",","400":"E","401":"A","402":"A","403":"C","404":";","405":"I","406":"A","407":"E","408":"R","409":",","410":"C","411":"A","412":"A","413":"C","414":";","415":"E","416":"A","417":"E","418":"J","419":",","420":"C","421":"A","422":"A","423":"C","424":";","425":"E","426":"A","427":"E","428":"D","429":",","430":"O","431":"A","432":"A","433":"O","434":",","435":"E","436":"A","437":"A","438":"C","439":";","440":"I","441":"A","442":"E","443":"R","444":",","445":"U","446":"A","447":"A","448":"U","449":",","450":"G","451":"A","452":"A","453":"G","454":";","455":"M","456":"A","457":"E","458":"Z","459":",","460":"I","461":"A","462":"A","463":"I","464":",","465":"C","466":"A","467":"A","468":"C","469":",","470":"O","471":"A","472":"A","473":"O","474":",","475":"C","476":"A","477":"A","478":"C","479":",","480":"I","481":"A","482":"A","483":"I","484":",","485":"C","486":"A","487":"A","488":"C","489":",","490":"M","491":"A","492":"A","493":"M","494":",","495":"C","496":"A","497":"A","498":"C","499":";","500":"I","501":"A","502":"E","503":"1","504":"B","505":",","506":"C","507":"A","508":"A","509":"C","510":";","511":"I","512":"A","513":"C","514":"E","515":",","516":"Q","517":"A","518":"A","519":"Q","520":",","521":"G","522":"A","523":"A","524":"G","525":";","526":"M","527":"A","528":"E","529":"b","530":",","531":"I","532":"A","533":"A","534":"I","535":",","536":"a","537":"A","538":"A","539":"a","540":",","541":"G","542":"A","543":"A","544":"C","545":",","546":"I","547":"A","548":"A","549":"I","550":",","551":"C","552":"A","553":"A","554":"C","555":",","556":"I","557":"A","558":"A","559":"I","560":",","561":"C","562":"A","563":"A","564":"C","565":",","566":"I","567":"A","568":"A","569":"I","570":",","571":"C","572":"A","573":"A","574":"C","575":",","576":"K","577":"A","578":"A","579":"K","580":",","581":"C","582":"A","583":"A","584":"C","585":",","586":"M","587":"A","588":"A","589":"M","590":",","591":"G","592":"A","593":"A","594":"G","595":",","596":"I","597":"A","598":"A","599":"I","600":",","601":"C","602":"A","603":"A","604":"C","605":",","606":"O","607":"A","608":"A","609":"O","610":",","611":"C","612":"A","613":"A","614":"C","615":";","616":"M","617":"A","618":"E","619":"7","620":"D","621":",","622":"K","623":"A","624":"A","625":"K","626":",","627":"I","628":"A","629":"A","630":"I","631":",","632":"K","633":"A","634":"A","635":"K","636":",","637":"G","638":"A","639":"A","640":"C","641":",","642":"C","643":"A","644":"A","645":"C","646":",","647":"E","648":"A","649":"A","650":"E","651":",","652":"K","653":"A","654":"A","655":"K","656":",","657":"I","658":"A","659":"A","660":"I","661":",","662":"a","663":"A","664":"A","665":"a","666":",","667":"E","668":"A","669":"A","670":"E","671":",","672":"K","673":"A","674":"A","675":"K","676":",","677":"E","678":"A","679":"A","680":"E","681":",","682":"E","683":"A","684":"A","685":"E","686":";","687":"Q","688":"A","689":"E","690":"l","691":"D","692":",","693":"I","694":"A","695":"A","696":"I","697":",","698":"C","699":"A","700":"A","701":"C","702":",","703":"K","704":"A","705":"A","706":"K","707":",","708":"C","709":"A","710":"A","711":"C","712":",","713":"I","714":"A","715":"A","716":"I","717":",","718":"C","719":"A","720":"A","721":"C","722":",","723":"K","724":"A","725":"A","726":"K","727":",","728":"C","729":"A","730":"A","731":"C","732":";","733":"M","734":"A","735":"C","736":"v","737":"B","738":";","739":"I","740":"A","741":"C","742":"D","743":",","744":"C","745":"A","746":"A","747":"C","748":";","749":"I","750":"A","751":"G","752":"A","753":",","754":"Q","755":"A","756":"A","757":"Q","758":",","759":"G","760":"A","761":"A","762":"G","763":";","764":"M","765":"A","766":"E","767":"X","768":",","769":"I","770":"A","771":"A","772":"I","773":",","774":"I","775":"A","776":"A","777":"I","778":",","779":"G","780":"A","781":"A","782":"C","783":",","784":"I","785":"A","786":"A","787":"I","788":",","789":"C","790":"A","791":"A","792":"C","793":",","794":"I","795":"A","796":"A","797":"I","798":";","799":"M","800":"A","801":"E","802":"l","803":"B","804":",","805":"I","806":"A","807":"A","808":"I","809":",","810":"O","811":"A","812":"A","813":"O","814":",","815":"G","816":"A","817":"A","818":"C","819":",","820":"I","821":"A","822":"A","823":"I","824":",","825":"C","826":"A","827":"A","828":"C","829":",","830":"O","831":"A","832":"A","833":"O","834":";","835":"M","836":"A","837":"E","838":"x","839":"B","840":",","841":"I","842":"A","843":"A","844":"I","845":",","846":"I","847":"A","848":"A","849":"I","850":",","851":"G","852":"A","853":"A","854":"E","855":",","856":"I","857":"A","858":"A","859":"I","860":",","861":"G","862":"A","863":"A","864":"G","865":",","866":"O","867":"A","868":"A","869":"O","870":",","871":"G","872":"A","873":"A","874":"I","875":",","876":"O","877":"A","878":"A","879":"O","880":";","881":"M","882":"A","883":"E","884":"n","885":"C","886":",","887":"I","888":"A","889":"A","890":"I","891":",","892":"E","893":"A","894":"A","895":"E","896":",","897":"G","898":"A","899":"A","900":"E","901":",","902":"I","903":"A","904":"A","905":"I","906":",","907":"G","908":"A","909":"A","910":"G","911":",","912":"O","913":"A","914":"A","915":"Q","916":";","917":"M","918":"A","919":"E","920":"v","921":"B","922":",","923":"O","924":"A","925":"A","926":"O","927":",","928":"I","929":"A","930":"A","931":"I","932":",","933":"C","934":"A","935":"A","936":"C","937":",","938":"K","939":"A","940":"A","941":"K","942":",","943":"C","944":"A","945":"A","946":"C","947":",","948":"K","949":"A","950":"A","951":"K","952":",","953":"C","954":"A","955":"A","956":"C","957":",","958":"I","959":"A","960":"A","961":"I","962":",","963":"E","964":"A","965":"A","966":"C","967":",","968":"E","969":"A","970":"A","971":"E","972":",","973":"C","974":"A","975":"A","976":"C","977":";","978":"I","979":"A","980":"C","981":"j","982":"C","983":",","984":"C","985":"A","986":"A","987":"C","988":";","989":"I","990":"A","991":"E","992":"F","993":",","994":"U","995":"A","996":"A","997":"U","998":",","999":"C","1000":"A","1001":"A","1002":"C","1003":",","1004":"E","1005":"A","1006":"A","1007":"E","1008":",","1009":"E","1010":"A","1011":"A","1012":"C","1013":";","1014":"M","1015":"A","1016":"E","1017":"X","1018":",","1019":"I","1020":"A","1021":"A","1022":"I","1023":",","1024":"C","1025":"A","1026":"A","1027":"C","1028":",","1029":"I","1030":"A","1031":"A","1032":"I","1033":",","1034":"C","1035":"A","1036":"A","1037":"C","1038":";","1039":"Q","1040":"A","1041":"E","1042":"R","1043":",","1044":"K","1045":"A","1046":"A","1047":"K","1048":",","1049":"E","1050":"A","1051":"A","1052":"E","1053":",","1054":"e","1055":"A","1056":"A","1057":"e","1058":";","1059":"Q","1060":"A","1061":"E","1062":"t","1063":"B","1064":",","1065":"I","1066":"A","1067":"A","1068":"I","1069":",","1070":"E","1071":"A","1072":"A","1073":"E","1074":",","1075":"m","1076":"C","1077":"A","1078":"A","1079":"m","1080":"C","1081":";","1082":"Q","1083":"A","1084":"E","1085":"z","1086":"C","1087":",","1088":"I","1089":"A","1090":"A","1091":"I","1092":",","1093":"E","1094":"A","1095":"A","1096":"E","1097":",","1098":"S","1099":"A","1100":"A","1101":"S","1102":";","1103":"Q","1104":"A","1105":"E","1106":"f","1107":",","1108":"g","1109":"B","1110":"A","1111":"A","1112":"g","1113":"B","1114":",","1115":"E","1116":"A","1117":"A","1118":"E","1119":",","1120":"I","1121":"A","1122":"A","1123":"I","1124":";","1125":"Q","1126":"A","1127":"E","1128":"t","1129":"B","1130":",","1131":"k","1132":"B","1133":"A","1134":"A","1135":"k","1136":"B","1137":",","1138":"E","1139":"A","1140":"A","1141":"E","1142":",","1143":"S","1144":"A","1145":"A","1146":"S","1147":";","1148":"Q","1149":"A","1150":"E","1151":"7","1152":"B","1153":",","1154":"i","1155":"B","1156":"A","1157":"A","1158":"i","1159":"B","1160":",","1161":"E","1162":"A","1163":"A","1164":"E","1165":",","1166":"M","1167":"A","1168":"A","1169":"M","1170":";","1171":"Q","1172":"A","1173":"E","1174":"z","1175":"B","1176":",","1177":"i","1178":"B","1179":"A","1180":"A","1181":"i","1182":"B","1183":",","1184":"E","1185":"A","1186":"A","1187":"E","1188":";","1189":"M","1190":"A","1191":"E","1192":"r","1193":"B","1194":",","1195":"C","1196":"A","1197":"A","1198":"C","1199":",","1200":"C","1201":"A","1202":"A","1203":"C","1204":",","1205":"C","1206":"A","1207":"A","1208":"C","1209":",","1210":"I","1211":"A","1212":"A","1213":"I","1214":",","1215":"C","1216":"A","1217":"A","1218":"E","1219":",","1220":"M","1221":"A","1222":"A","1223":"M","1224":",","1225":"I","1226":"A","1227":"A","1228":"K","1229":";","1230":"Q","1231":"A","1232":"E","1233":"r","1234":"B","1235":";","1236":"Q","1237":"A","1238":"A","1239":"A","1240":";","1241":"Q","1242":"A","1243":"A","1244":"A","1245":";","1246":"Q","1247":"A","1248":"A","1249":"A","1250":",","1251":"O","1252":"A","1253":"A","1254":"K","1255":",","1256":"C","1257":"A","1258":"A","1259":"C","1260":",","1261":"M","1262":"A","1263":"A","1264":"M","1265":",","1266":"C","1267":"A","1268":"A","1269":"E","1270":",","1271":"6","1272":"C","1273":"A","1274":"A","1275":"4","1276":"C","1277":",","1278":"G","1279":"A","1280":"A","1281":"C","1282":",","1283":"E","1284":"A","1285":"A","1286":"E","1287":",","1288":"C","1289":"A","1290":"A","1291":"C","1292":",","1293":"C","1294":"A","1295":"E","1296":"7","1297":"D","1298":",","1299":"I","1300":"A","1301":"A","1302":"I","1303":",","1304":"C","1305":"A","1306":"A","1307":"C","1308":",","1309":"Q","1310":"A","1311":"A","1312":"Q","1313":",","1314":"I","1315":"A","1316":"A","1317":"I","1318":";","1319":"U","1320":"A","1321":"E","1322":"h","1323":"B","1324":",","1325":"I","1326":"A","1327":"A","1328":"I","1329":",","1330":"M","1331":"A","1332":"A","1333":"M","1334":",","1335":"C","1336":"A","1337":"A","1338":"C","1339":",","1340":"W","1341":"A","1342":"A","1343":"W","1344":",","1345":"E","1346":"A","1347":"A","1348":"E","1349":";","1350":"Y","1351":"A","1352":"E","1353":"v","1354":"B","1355":",","1356":"I","1357":"A","1358":"A","1359":"I","1360":",","1361":"C","1362":"A","1363":"A","1364":"C","1365":",","1366":"K","1367":"A","1368":"A","1369":"K","1370":",","1371":"C","1372":"A","1373":"A","1374":"C","1375":",","1376":"M","1377":"A","1378":"A","1379":"M","1380":",","1381":"C","1382":"A","1383":"A","1384":"C","1385":",","1386":"E","1387":"A","1388":"A","1389":"E","1390":",","1391":"G","1392":"A","1393":"A","1394":"C","1395":",","1396":"C","1397":"A","1398":"A","1399":"C","1400":",","1401":"E","1402":"A","1403":"A","1404":"C","1405":",","1406":"C","1407":"A","1408":"A","1409":"C","1410":",","1411":"C","1412":"A","1413":"A","1414":"C","1415":";","1416":"Y","1417":"A","1418":"E","1419":"z","1420":"B","1421":",","1422":"I","1423":"A","1424":"A","1425":"I","1426":",","1427":"C","1428":"A","1429":"A","1430":"C","1431":",","1432":"I","1433":"A","1434":"A","1435":"I","1436":",","1437":"C","1438":"A","1439":"C","1440":"P","1441":",","1442":"U","1443":"A","1444":"A","1445":"U","1446":",","1447":"E","1448":"A","1449":"C","1450":"V","1451":",","1452":"6","1453":"B","1454":"A","1455":"A","1456":"6","1457":"B","1458":",","1459":"E","1460":"A","1461":"C","1462":"7","1463":"B","1464":",","1465":"S","1466":"A","1467":"A","1468":"S","1469":",","1470":"C","1471":"A","1472":"C","1473":"V","1474":";","1475":"Y","1476":"A","1477":"E","1478":"A","1479":",","1480":"O","1481":"A","1482":"A","1483":"O","1484":",","1485":"C","1486":"A","1487":"A","1488":"C","1489":",","1490":"G","1491":"A","1492":"A","1493":"G","1494":",","1495":"C","1496":"A","1497":"A","1498":"C","1499":",","1500":"Q","1501":"A","1502":"A","1503":"Q","1504":",","1505":"C","1506":"A","1507":"A","1508":"C","1509":";","1510":"U","1511":"A","1512":"C","1513":"v","1514":"B","1515":";","1516":"Q","1517":"A","1518":"C","1519":"F","1520":",","1521":"C","1522":"A","1523":"A","1524":"C","1525":",","1526":"C","1527":"A","1528":"A","1529":"C","1530":";","1531":"M","1532":"A","1533":"E","1534":"D","1535":",","1536":"C","1537":"A","1538":"A","1539":"C","1540":",","1541":"C","1542":"A","1543":"A","1544":"C","1545":",","1546":"C","1547":"A","1548":"E","1549":"C","1550":",","1551":"K","1552":"A","1553":"A","1554":"K","1555":",","1556":"C","1557":"A","1558":"A","1559":"C","1560":",","1561":"Q","1562":"A","1563":"A","1564":"Q","1565":",","1566":"I","1567":"A","1568":"A","1569":"I","1570":";","1571":"Q","1572":"A","1573":"E","1574":"h","1575":"B","1576":",","1577":"O","1578":"A","1579":"A","1580":"O","1581":",","1582":"C","1583":"A","1584":"A","1585":"C","1586":",","1587":"G","1588":"A","1589":"A","1590":"G","1591":",","1592":"C","1593":"A","1594":"A","1595":"C","1596":",","1597":"Q","1598":"A","1599":"A","1600":"Q","1601":",","1602":"C","1603":"A","1604":"A","1605":"C","1606":";","1607":"M","1608":"A","1609":"E","1610":"3","1611":"B","1612":",","1613":"C","1614":"A","1615":"A","1616":"C","1617":",","1618":"C","1619":"A","1620":"A","1621":"C","1622":";","1623":"I","1624":"A","1625":"E","1626":"H","1627":";","1628":"E","1629":"A","1630":"E","1631":"D","1632":",","1633":"C","1634":"A","1635":"A","1636":"C","1637":";","1638":"E","1639":"A","1640":"C","1641":"D","1642":",","1643":"Q","1644":"A","1645":"A","1646":"Q","1647":",","1648":"E","1649":"A","1650":"A","1651":"C","1652":";","1653":"I","1654":"A","1655":"E","1656":"P","1657":",","1658":"K","1659":"A","1660":"A","1661":"K","1662":",","1663":"G","1664":"A","1665":"A","1666":"G","1667":";","1668":"M","1669":"A","1670":"E","1671":"N","1672":",","1673":"O","1674":"A","1675":"A","1676":"O","1677":",","1678":"I","1679":"A","1680":"A","1681":"I","1682":",","1683":"C","1684":"A","1685":"A","1686":"C","1687":",","1688":"M","1689":"A","1690":"A","1691":"M","1692":",","1693":"C","1694":"A","1695":"A","1696":"C","1697":",","1698":"K","1699":"A","1700":"A","1701":"K","1702":",","1703":"C","1704":"A","1705":"A","1706":"C","1707":",","1708":"O","1709":"A","1710":"A","1711":"O","1712":",","1713":"C","1714":"A","1715":"A","1716":"C","1717":";","1718":"I","1719":"A","1720":"E","1721":"n","1722":"C","1723":",","1724":"C","1725":"A","1726":"A","1727":"C","1728":";","1729":"I","1730":"A","1731":"C","1732":"F","1733":",","1734":"c","1735":"A","1736":"A","1737":"c","1738":",","1739":"G","1740":"A","1741":"A","1742":"G","1743":";","1744":"M","1745":"A","1746":"E","1747":"h","1748":"B","1749":",","1750":"O","1751":"A","1752":"A","1753":"O","1754":",","1755":"I","1756":"A","1757":"A","1758":"I","1759":",","1760":"C","1761":"A","1762":"A","1763":"C","1764":",","1765":"Q","1766":"A","1767":"A","1768":"Q","1769":",","1770":"E","1771":"A","1772":"A","1773":"E","1774":";","1775":"I","1776":"A","1777":"E","1778":"v","1779":"B","1780":";","1781":"E","1782":"A","1783":"E","1784":"D","1785":",","1786":"C","1787":"A","1788":"A","1789":"C","1790":";","1791":"E","1792":"A","1793":"E","1794":"C","1795":",","1796":"K","1797":"A","1798":"A","1799":"K","1800":",","1801":"E","1802":"A","1803":"A","1804":"C","1805":";","1806":"I","1807":"A","1808":"E","1809":"P","1810":",","1811":"K","1812":"A","1813":"A","1814":"K","1815":",","1816":"G","1817":"A","1818":"A","1819":"G","1820":";","1821":"M","1822":"A","1823":"E","1824":"P","1825":",","1826":"I","1827":"A","1828":"A","1829":"I","1830":",","1831":"C","1832":"A","1833":"A","1834":"C","1835":",","1836":"Q","1837":"A","1838":"A","1839":"Q","1840":",","1841":"E","1842":"A","1843":"A","1844":"E","1845":";","1846":"I","1847":"A","1848":"E","1849":"h","1850":"B","1851":";","1852":"E","1853":"A","1854":"E","1855":"D","1856":",","1857":"C","1858":"A","1859":"A","1860":"C","1861":";","1862":"E","1863":"A","1864":"C","1865":"D","1866":",","1867":"O","1868":"A","1869":"A","1870":"O","1871":",","1872":"G","1873":"A","1874":"A","1875":"I","1876":";","1877":"I","1878":"A","1879":"E","1880":"T","1881":",","1882":"I","1883":"A","1884":"A","1885":"I","1886":",","1887":"C","1888":"A","1889":"A","1890":"C","1891":",","1892":"M","1893":"A","1894":"A","1895":"M","1896":",","1897":"C","1898":"A","1899":"A","1900":"C","1901":",","1902":"Q","1903":"A","1904":"A","1905":"Q","1906":",","1907":"C","1908":"A","1909":"A","1910":"C","1911":",","1912":"Y","1913":"A","1914":"A","1915":"Y","1916":",","1917":"C","1918":"A","1919":"A","1920":"C","1921":";","1922":"E","1923":"A","1924":"E","1925":"p","1926":"C","1927":";","1928":"A","1929":"A","1930":"E","1931":"D","1932":",","1933":"C","1934":"A","1935":"A","1936":"C","1937":";","1938":"A","1939":"A","1940":"A","1941":"A","1942":";","1943":"A","1944":"A","1945":"A","1946":"A","1947":"\"","1948":",","1949":"\"","1950":"f","1951":"i","1952":"l","1953":"e","1954":"\"","1955":":","1956":"\"","1957":"/","1958":"h","1959":"o","1960":"m","1961":"e","1962":"/","1963":"k","1964":"a","1965":"r","1966":"t","1967":"h","1968":"i","1969":"/","1970":"D","1971":"o","1972":"c","1973":"u","1974":"m","1975":"e","1976":"n","1977":"t","1978":"s","1979":"/","1980":"I","1981":"n","1982":"t","1983":"e","1984":"r","1985":"n","1986":"s","1987":"h","1988":"i","1989":"p","1990":"-","1991":"P","1992":"r","1993":"o","1994":"j","1995":"e","1996":"c","1997":"t","1998":"/","1999":"s","2000":"r","2001":"c","2002":"/","2003":"c","2004":"o","2005":"m","2006":"p","2007":"o","2008":"n","2009":"e","2010":"n","2011":"t","2012":"s","2013":"/","2014":"I","2015":"t","2016":"e","2017":"m","2018":"s","2019":"T","2020":"o","2021":"d","2022":"o","2023":".","2024":"v","2025":"u","2026":"e","2027":"\"","2028":",","2029":"\"","2030":"s","2031":"o","2032":"u","2033":"r","2034":"c","2035":"e","2036":"s","2037":"C","2038":"o","2039":"n","2040":"t","2041":"e","2042":"n","2043":"t","2044":"\"","2045":":","2046":"[","2047":"\"","2048":"<","2049":"t","2050":"e","2051":"m","2052":"p","2053":"l","2054":"a","2055":"t","2056":"e","2057":">","2058":"\\","2059":"n","2060":"\\","2061":"n","2062":"\\","2063":"t","2064":"<","2065":"d","2066":"i","2067":"v","2068":" ","2069":"c","2070":"l","2071":"a","2072":"s","2073":"s","2074":"=","2075":"\\","2076":"\"","2077":"c","2078":"o","2079":"n","2080":"t","2081":"e","2082":"n","2083":"t","2084":"-","2085":"w","2086":"r","2087":"a","2088":"p","2089":"p","2090":"e","2091":"r","2092":"\\","2093":"\"","2094":">","2095":"\\","2096":"n","2097":"\\","2098":"t","2099":"\\","2100":"t","2101":"\\","2102":"n","2103":"\\","2104":"t","2105":"\\","2106":"t","2107":"<","2108":"s","2109":"e","2110":"c","2111":"t","2112":"i","2113":"o","2114":"n","2115":" ","2116":"c","2117":"l","2118":"a","2119":"s","2120":"s","2121":"=","2122":"\\","2123":"\"","2124":"c","2125":"o","2126":"n","2127":"t","2128":"e","2129":"n","2130":"t","2131":"-","2132":"h","2133":"e","2134":"a","2135":"d","2136":"e","2137":"r","2138":"\\","2139":"\"","2140":">","2141":"\\","2142":"n","2143":"\\","2144":"t","2145":"\\","2146":"t","2147":"\\","2148":"t","2149":"\\","2150":"n","2151":"\\","2152":"t","2153":"\\","2154":"t","2155":"\\","2156":"t","2157":"<","2158":"d","2159":"i","2160":"v","2161":" ","2162":"c","2163":"l","2164":"a","2165":"s","2166":"s","2167":"=","2168":"\\","2169":"\"","2170":"c","2171":"o","2172":"n","2173":"t","2174":"a","2175":"i","2176":"n","2177":"e","2178":"r","2179":"-","2180":"f","2181":"l","2182":"u","2183":"i","2184":"d","2185":"\\","2186":"\"","2187":">","2188":"\\","2189":"n","2190":"\\","2191":"t","2192":"\\","2193":"t","2194":"\\","2195":"t","2196":"\\","2197":"t","2198":"\\","2199":"n","2200":"\\","2201":"t","2202":"\\","2203":"t","2204":"\\","2205":"t","2206":"\\","2207":"t","2208":"<","2209":"d","2210":"i","2211":"v","2212":" ","2213":"c","2214":"l","2215":"a","2216":"s","2217":"s","2218":"=","2219":"\\","2220":"\"","2221":"r","2222":"o","2223":"w","2224":" ","2225":"m","2226":"b","2227":"-","2228":"2","2229":"\\","2230":"\"","2231":">","2232":"\\","2233":"n","2234":"\\","2235":"t","2236":"\\","2237":"t","2238":"\\","2239":"t","2240":"\\","2241":"t","2242":"\\","2243":"t","2244":"\\","2245":"n","2246":"\\","2247":"t","2248":"\\","2249":"t","2250":"\\","2251":"t","2252":"\\","2253":"t","2254":"\\","2255":"t","2256":"<","2257":"d","2258":"i","2259":"v","2260":" ","2261":"c","2262":"l","2263":"a","2264":"s","2265":"s","2266":"=","2267":"\\","2268":"\"","2269":"c","2270":"o","2271":"l","2272":"-","2273":"s","2274":"m","2275":"-","2276":"6","2277":"\\","2278":"\"","2279":">","2280":"\\","2281":"n","2282":"\\","2283":"t","2284":"\\","2285":"t","2286":"\\","2287":"t","2288":"\\","2289":"t","2290":"\\","2291":"t","2292":"\\","2293":"t","2294":"\\","2295":"n","2296":"\\","2297":"t","2298":"\\","2299":"t","2300":"\\","2301":"t","2302":"\\","2303":"t","2304":"\\","2305":"t","2306":"\\","2307":"t","2308":"<","2309":"h","2310":"1","2311":">","2312":"L","2313":"i","2314":"s","2315":"t","2316":"<","2317":"/","2318":"h","2319":"1","2320":">","2321":"\\","2322":"n","2323":"\\","2324":"t","2325":"\\","2326":"t","2327":"\\","2328":"t","2329":"\\","2330":"t","2331":"\\","2332":"t","2333":"\\","2334":"t","2335":"\\","2336":"n","2337":"\\","2338":"t","2339":"\\","2340":"t","2341":"\\","2342":"t","2343":"\\","2344":"t","2345":"\\","2346":"t","2347":"<","2348":"/","2349":"d","2350":"i","2351":"v","2352":">","2353":"\\","2354":"n","2355":"\\","2356":"t","2357":"\\","2358":"t","2359":"\\","2360":"t","2361":"\\","2362":"t","2363":"\\","2364":"t","2365":"\\","2366":"n","2367":"\\","2368":"t","2369":"\\","2370":"t","2371":"\\","2372":"t","2373":"\\","2374":"t","2375":"\\","2376":"t","2377":"<","2378":"d","2379":"i","2380":"v","2381":" ","2382":"c","2383":"l","2384":"a","2385":"s","2386":"s","2387":"=","2388":"\\","2389":"\"","2390":"c","2391":"o","2392":"l","2393":"-","2394":"s","2395":"m","2396":"-","2397":"6","2398":"\\","2399":"\"","2400":">","2401":"\\","2402":"n","2403":"\\","2404":"t","2405":"\\","2406":"t","2407":"\\","2408":"t","2409":"\\","2410":"t","2411":"\\","2412":"t","2413":"\\","2414":"t","2415":"\\","2416":"n","2417":"\\","2418":"t","2419":"\\","2420":"t","2421":"\\","2422":"t","2423":"\\","2424":"t","2425":"\\","2426":"t","2427":"\\","2428":"t","2429":"<","2430":"o","2431":"l","2432":" ","2433":"c","2434":"l","2435":"a","2436":"s","2437":"s","2438":"=","2439":"\\","2440":"\"","2441":"b","2442":"r","2443":"e","2444":"a","2445":"d","2446":"c","2447":"r","2448":"u","2449":"m","2450":"b","2451":" ","2452":"f","2453":"l","2454":"o","2455":"a","2456":"t","2457":"-","2458":"s","2459":"m","2460":"-","2461":"r","2462":"i","2463":"g","2464":"h","2465":"t","2466":"\\","2467":"\"","2468":">","2469":"\\","2470":"n","2471":"\\","2472":"t","2473":"\\","2474":"t","2475":"\\","2476":"t","2477":"\\","2478":"t","2479":"\\","2480":"t","2481":"\\","2482":"t","2483":"\\","2484":"t","2485":"\\","2486":"n","2487":"\\","2488":"t","2489":"\\","2490":"t","2491":"\\","2492":"t","2493":"\\","2494":"t","2495":"\\","2496":"t","2497":"\\","2498":"t","2499":"\\","2500":"t","2501":"<","2502":"l","2503":"i","2504":" ","2505":"c","2506":"l","2507":"a","2508":"s","2509":"s","2510":"=","2511":"\\","2512":"\"","2513":"b","2514":"r","2515":"e","2516":"a","2517":"d","2518":"c","2519":"r","2520":"u","2521":"m","2522":"b","2523":"-","2524":"i","2525":"t","2526":"e","2527":"m","2528":" ","2529":"a","2530":"c","2531":"t","2532":"i","2533":"v","2534":"e","2535":"\\","2536":"\"","2537":">","2538":"H","2539":"o","2540":"m","2541":"e","2542":"<","2543":"/","2544":"l","2545":"i","2546":">","2547":"\\","2548":"n","2549":"\\","2550":"t","2551":"\\","2552":"t","2553":"\\","2554":"t","2555":"\\","2556":"t","2557":"\\","2558":"t","2559":"\\","2560":"t","2561":"\\","2562":"t","2563":"\\","2564":"n","2565":"\\","2566":"t","2567":"\\","2568":"t","2569":"\\","2570":"t","2571":"\\","2572":"t","2573":"\\","2574":"t","2575":"\\","2576":"t","2577":"<","2578":"/","2579":"o","2580":"l","2581":">","2582":"\\","2583":"n","2584":"\\","2585":"t","2586":"\\","2587":"t","2588":"\\","2589":"t","2590":"\\","2591":"t","2592":"\\","2593":"t","2594":"\\","2595":"t","2596":"\\","2597":"n","2598":"\\","2599":"t","2600":"\\","2601":"t","2602":"\\","2603":"t","2604":"\\","2605":"t","2606":"\\","2607":"t","2608":"<","2609":"/","2610":"d","2611":"i","2612":"v","2613":">","2614":"\\","2615":"n","2616":"\\","2617":"t","2618":"\\","2619":"t","2620":"\\","2621":"t","2622":"\\","2623":"t","2624":"\\","2625":"t","2626":"\\","2627":"n","2628":"\\","2629":"t","2630":"\\","2631":"t","2632":"\\","2633":"t","2634":"\\","2635":"t","2636":"<","2637":"/","2638":"d","2639":"i","2640":"v","2641":">","2642":"\\","2643":"n","2644":"\\","2645":"t","2646":"\\","2647":"t","2648":"\\","2649":"t","2650":"\\","2651":"t","2652":"\\","2653":"n","2654":"\\","2655":"t","2656":"\\","2657":"t","2658":"\\","2659":"t","2660":"<","2661":"/","2662":"d","2663":"i","2664":"v","2665":">","2666":"\\","2667":"n","2668":"\\","2669":"t","2670":"\\","2671":"t","2672":"\\","2673":"t","2674":"\\","2675":"n","2676":"\\","2677":"t","2678":"\\","2679":"t","2680":"<","2681":"/","2682":"s","2683":"e","2684":"c","2685":"t","2686":"i","2687":"o","2688":"n","2689":">","2690":"\\","2691":"n","2692":"\\","2693":"t","2694":"\\","2695":"t","2696":"\\","2697":"n","2698":"\\","2699":"t","2700":"\\","2701":"t","2702":"<","2703":"s","2704":"e","2705":"c","2706":"t","2707":"i","2708":"o","2709":"n","2710":" ","2711":"c","2712":"l","2713":"a","2714":"s","2715":"s","2716":"=","2717":"\\","2718":"\"","2719":"c","2720":"o","2721":"n","2722":"t","2723":"e","2724":"n","2725":"t","2726":"\\","2727":"\"","2728":">","2729":"\\","2730":"n","2731":"\\","2732":"t","2733":"\\","2734":"t","2735":"\\","2736":"t","2737":"\\","2738":"n","2739":"\\","2740":"t","2741":"\\","2742":"t","2743":"\\","2744":"t","2745":"<","2746":"d","2747":"i","2748":"v","2749":" ","2750":"c","2751":"l","2752":"a","2753":"s","2754":"s","2755":"=","2756":"\\","2757":"\"","2758":"c","2759":"a","2760":"r","2761":"d","2762":"\\","2763":"\"","2764":">","2765":"\\","2766":"n","2767":"\\","2768":"t","2769":"\\","2770":"t","2771":"\\","2772":"t","2773":"\\","2774":"t","2775":"\\","2776":"n","2777":"\\","2778":"t","2779":"\\","2780":"t","2781":"\\","2782":"t","2783":"\\","2784":"t","2785":"<","2786":"d","2787":"i","2788":"v","2789":" ","2790":"c","2791":"l","2792":"a","2793":"s","2794":"s","2795":"=","2796":"\\","2797":"\"","2798":"c","2799":"a","2800":"r","2801":"d","2802":"-","2803":"h","2804":"e","2805":"a","2806":"d","2807":"e","2808":"r","2809":"\\","2810":"\"","2811":">","2812":"\\","2813":"n","2814":"\\","2815":"t","2816":"\\","2817":"t","2818":"\\","2819":"t","2820":"\\","2821":"t","2822":"\\","2823":"t","2824":"\\","2825":"n","2826":"\\","2827":"t","2828":"\\","2829":"t","2830":"\\","2831":"t","2832":"\\","2833":"t","2834":"\\","2835":"t","2836":"<","2837":"h","2838":"3","2839":" ","2840":"c","2841":"l","2842":"a","2843":"s","2844":"s","2845":"=","2846":"\\","2847":"\"","2848":"c","2849":"a","2850":"r","2851":"d","2852":"-","2853":"t","2854":"i","2855":"t","2856":"l","2857":"e","2858":"\\","2859":"\"","2860":">","2861":"\\","2862":"n","2863":"\\","2864":"t","2865":"\\","2866":"t","2867":"\\","2868":"t","2869":"\\","2870":"t","2871":"\\","2872":"t","2873":"\\","2874":"t","2875":"\\","2876":"n","2877":"\\","2878":"t","2879":"\\","2880":"t","2881":"\\","2882":"t","2883":"\\","2884":"t","2885":"\\","2886":"t","2887":"\\","2888":"t","2889":"<","2890":"i","2891":" ","2892":"c","2893":"l","2894":"a","2895":"s","2896":"s","2897":"=","2898":"\\","2899":"\"","2900":"i","2901":"o","2902":"n","2903":" ","2904":"i","2905":"o","2906":"n","2907":"-","2908":"c","2909":"l","2910":"i","2911":"p","2912":"b","2913":"o","2914":"a","2915":"r","2916":"d","2917":" ","2918":"m","2919":"r","2920":"-","2921":"1","2922":"\\","2923":"\"","2924":">","2925":"<","2926":"/","2927":"i","2928":">","2929":"\\","2930":"n","2931":"\\","2932":"t","2933":"\\","2934":"t","2935":"\\","2936":"t","2937":"\\","2938":"t","2939":"\\","2940":"t","2941":"\\","2942":"t","2943":"\\","2944":"n","2945":"\\","2946":"t","2947":"\\","2948":"t","2949":"\\","2950":"t","2951":"\\","2952":"t","2953":"\\","2954":"t","2955":"\\","2956":"t","2957":"L","2958":"i","2959":"s","2960":"t","2961":"\\","2962":"n","2963":"\\","2964":"t","2965":"\\","2966":"t","2967":"\\","2968":"t","2969":"\\","2970":"t","2971":"\\","2972":"t","2973":"\\","2974":"t","2975":"\\","2976":"n","2977":"\\","2978":"t","2979":"\\","2980":"t","2981":"\\","2982":"t","2983":"\\","2984":"t","2985":"\\","2986":"t","2987":"<","2988":"/","2989":"h","2990":"3","2991":">","2992":"\\","2993":"n","2994":"\\","2995":"t","2996":"\\","2997":"t","2998":"\\","2999":"t","3000":"\\","3001":"t","3002":"\\","3003":"t","3004":"\\","3005":"n","3006":"\\","3007":"t","3008":"\\","3009":"t","3010":"\\","3011":"t","3012":"\\","3013":"t","3014":"\\","3015":"t","3016":"<","3017":"d","3018":"i","3019":"v","3020":" ","3021":"c","3022":"l","3023":"a","3024":"s","3025":"s","3026":"=","3027":"\\","3028":"\"","3029":"c","3030":"a","3031":"r","3032":"d","3033":"-","3034":"t","3035":"o","3036":"o","3037":"l","3038":"s","3039":"\\","3040":"\"","3041":" ","3042":">","3043":"\\","3044":"n","3045":"\\","3046":"t","3047":"\\","3048":"t","3049":"\\","3050":"t","3051":"\\","3052":"t","3053":"\\","3054":"t","3055":"\\","3056":"t","3057":"\\","3058":"n","3059":"\\","3060":"t","3061":"\\","3062":"t","3063":"\\","3064":"t","3065":"\\","3066":"t","3067":"\\","3068":"t","3069":"\\","3070":"t","3071":"<","3072":"d","3073":"i","3074":"v","3075":" ","3076":"t","3077":"y","3078":"p","3079":"e","3080":"=","3081":"\\","3082":"\"","3083":"b","3084":"u","3085":"t","3086":"t","3087":"o","3088":"n","3089":"\\","3090":"\"","3091":" ","3092":"c","3093":"l","3094":"a","3095":"s","3096":"s","3097":"=","3098":"\\","3099":"\"","3100":"b","3101":"t","3102":"n","3103":" ","3104":"b","3105":"t","3106":"n","3107":"-","3108":"t","3109":"o","3110":"o","3111":"l","3112":" ","3113":"b","3114":"u","3115":"t","3116":"t","3117":"o","3118":"n","3119":"1","3120":"\\","3121":"\"","3122":" ","3123":"t","3124":"i","3125":"t","3126":"l","3127":"e","3128":"=","3129":"\\","3130":"\"","3131":"p","3132":"o","3133":"s","3134":"t","3135":"\\","3136":"\"","3137":" ","3138":"@","3139":"c","3140":"l","3141":"i","3142":"c","3143":"k","3144":"=","3145":"\\","3146":"\"","3147":"r","3148":"e","3149":"d","3150":"i","3151":"r","3152":"e","3153":"c","3154":"t","3155":"T","3156":"o","3157":"(","3158":")","3159":"\\","3160":"\"","3161":" ","3162":">","3163":"\\","3164":"n","3165":"\\","3166":"t","3167":"\\","3168":"t","3169":"\\","3170":"t","3171":"\\","3172":"t","3173":"\\","3174":"t","3175":"\\","3176":"t","3177":"\\","3178":"t","3179":"\\","3180":"n","3181":"\\","3182":"t","3183":"\\","3184":"t","3185":"\\","3186":"t","3187":"\\","3188":"t","3189":"\\","3190":"t","3191":"\\","3192":"t","3193":"\\","3194":"t","3195":"<","3196":"i","3197":" ","3198":"c","3199":"l","3200":"a","3201":"s","3202":"s","3203":"=","3204":"\\","3205":"\"","3206":"f","3207":"a","3208":"s","3209":" ","3210":"f","3211":"a","3212":"-","3213":"p","3214":"l","3215":"u","3216":"s","3217":"\\","3218":"\"","3219":">","3220":"<","3221":"/","3222":"i","3223":">","3224":"\\","3225":"n","3226":"\\","3227":"t","3228":"\\","3229":"t","3230":"\\","3231":"t","3232":"\\","3233":"t","3234":"\\","3235":"t","3236":"\\","3237":"t","3238":"\\","3239":"t","3240":"\\","3241":"n","3242":"\\","3243":"t","3244":"\\","3245":"t","3246":"\\","3247":"t","3248":"\\","3249":"t","3250":"\\","3251":"t","3252":"\\","3253":"t","3254":"<","3255":"/","3256":"d","3257":"i","3258":"v","3259":">","3260":"\\","3261":"n","3262":"\\","3263":"t","3264":"\\","3265":"t","3266":"\\","3267":"t","3268":"\\","3269":"t","3270":"\\","3271":"t","3272":"\\","3273":"t","3274":"\\","3275":"n","3276":"\\","3277":"t","3278":"\\","3279":"t","3280":"\\","3281":"t","3282":"\\","3283":"t","3284":"\\","3285":"t","3286":"\\","3287":"t","3288":"<","3289":"/","3290":"d","3291":"i","3292":"v","3293":">","3294":"\\","3295":"n","3296":"\\","3297":"t","3298":"\\","3299":"t","3300":"\\","3301":"t","3302":"\\","3303":"t","3304":"\\","3305":"t","3306":"\\","3307":"n","3308":"\\","3309":"t","3310":"\\","3311":"t","3312":"\\","3313":"t","3314":"\\","3315":"t","3316":"<","3317":"/","3318":"d","3319":"i","3320":"v","3321":">","3322":"\\","3323":"n","3324":"\\","3325":"t","3326":"\\","3327":"t","3328":"\\","3329":"t","3330":"\\","3331":"t","3332":"\\","3333":"n","3334":"\\","3335":"t","3336":"\\","3337":"t","3338":"\\","3339":"t","3340":"\\","3341":"t","3342":"<","3343":"d","3344":"i","3345":"v","3346":" ","3347":"c","3348":"l","3349":"a","3350":"s","3351":"s","3352":"=","3353":"\\","3354":"\"","3355":"c","3356":"a","3357":"r","3358":"d","3359":"-","3360":"b","3361":"o","3362":"d","3363":"y","3364":" ","3365":"p","3366":"-","3367":"0","3368":"\\","3369":"\"","3370":" ","3371":">","3372":"\\","3373":"n","3374":"\\","3375":"t","3376":"\\","3377":"t","3378":"\\","3379":"t","3380":"\\","3381":"t","3382":"\\","3383":"t","3384":"\\","3385":"n","3386":"\\","3387":"t","3388":"\\","3389":"t","3390":"\\","3391":"t","3392":"\\","3393":"t","3394":"\\","3395":"t","3396":"<","3397":"t","3398":"a","3399":"b","3400":"l","3401":"e","3402":" ","3403":"c","3404":"l","3405":"a","3406":"s","3407":"s","3408":"=","3409":"\\","3410":"\"","3411":"t","3412":"a","3413":"b","3414":"l","3415":"e","3416":" ","3417":"t","3418":"a","3419":"b","3420":"l","3421":"e","3422":"-","3423":"s","3424":"t","3425":"r","3426":"i","3427":"p","3428":"e","3429":"d","3430":" ","3431":"p","3432":"r","3433":"o","3434":"j","3435":"e","3436":"c","3437":"t","3438":"s","3439":"\\","3440":"\"","3441":">","3442":"\\","3443":"n","3444":"\\","3445":"t","3446":"\\","3447":"t","3448":"\\","3449":"t","3450":"\\","3451":"t","3452":"\\","3453":"t","3454":"\\","3455":"t","3456":"\\","3457":"n","3458":"\\","3459":"t","3460":"\\","3461":"t","3462":"\\","3463":"t","3464":"\\","3465":"t","3466":"\\","3467":"t","3468":"\\","3469":"t","3470":"<","3471":"t","3472":"h","3473":"e","3474":"a","3475":"d","3476":">","3477":"\\","3478":"n","3479":"\\","3480":"t","3481":"\\","3482":"t","3483":"\\","3484":"t","3485":"\\","3486":"t","3487":"\\","3488":"t","3489":"\\","3490":"t","3491":"\\","3492":"n","3493":"\\","3494":"t","3495":"\\","3496":"t","3497":"\\","3498":"t","3499":"\\","3500":"t","3501":"\\","3502":"t","3503":"\\","3504":"t","3505":"<","3506":"t","3507":"r","3508":">","3509":"\\","3510":"n","3511":"\\","3512":"t","3513":"\\","3514":"t","3515":"\\","3516":"t","3517":"\\","3518":"t","3519":"\\","3520":"t","3521":"\\","3522":"t","3523":"\\","3524":"t","3525":"\\","3526":"n","3527":"\\","3528":"t","3529":"\\","3530":"t","3531":"\\","3532":"t","3533":"\\","3534":"t","3535":"\\","3536":"t","3537":"\\","3538":"t","3539":"\\","3540":"t","3541":"<","3542":"t","3543":"h","3544":" ","3545":"s","3546":"t","3547":"y","3548":"l","3549":"e","3550":"=","3551":"\\","3552":"\"","3553":"w","3554":"i","3555":"d","3556":"t","3557":"h","3558":":","3559":"3","3560":"%","3561":"\\","3562":"\"","3563":">","3564":"I","3565":"d","3566":"<","3567":"/","3568":"t","3569":"h","3570":">","3571":"\\","3572":"n","3573":"\\","3574":"t","3575":"\\","3576":"t","3577":"\\","3578":"t","3579":"\\","3580":"t","3581":"\\","3582":"t","3583":"\\","3584":"t","3585":"\\","3586":"t","3587":"\\","3588":"n","3589":"\\","3590":"t","3591":"\\","3592":"t","3593":"\\","3594":"t","3595":"\\","3596":"t","3597":"\\","3598":"t","3599":"\\","3600":"t","3601":"\\","3602":"t","3603":"<","3604":"t","3605":"h","3606":" ","3607":"s","3608":"t","3609":"y","3610":"l","3611":"e","3612":"=","3613":"\\","3614":"\"","3615":"w","3616":"i","3617":"d","3618":"t","3619":"h","3620":":","3621":"2","3622":"0","3623":"%","3624":"\\","3625":"\"","3626":">","3627":"T","3628":"i","3629":"t","3630":"l","3631":"e","3632":"<","3633":"/","3634":"t","3635":"h","3636":">","3637":"\\","3638":"n","3639":"\\","3640":"t","3641":"\\","3642":"t","3643":"\\","3644":"t","3645":"\\","3646":"t","3647":"\\","3648":"t","3649":"\\","3650":"t","3651":"\\","3652":"t","3653":"\\","3654":"n","3655":"\\","3656":"t","3657":"\\","3658":"t","3659":"\\","3660":"t","3661":"\\","3662":"t","3663":"\\","3664":"t","3665":"\\","3666":"t","3667":"\\","3668":"t","3669":"<","3670":"t","3671":"h","3672":" ","3673":"s","3674":"t","3675":"y","3676":"l","3677":"e","3678":"=","3679":"\\","3680":"\"","3681":"w","3682":"i","3683":"d","3684":"t","3685":"h","3686":":","3687":"4","3688":"0","3689":"%","3690":"\\","3691":"\"","3692":">","3693":"B","3694":"o","3695":"d","3696":"y","3697":"<","3698":"/","3699":"t","3700":"h","3701":">","3702":"\\","3703":"n","3704":"\\","3705":"t","3706":"\\","3707":"t","3708":"\\","3709":"t","3710":"\\","3711":"t","3712":"\\","3713":"t","3714":"\\","3715":"t","3716":"\\","3717":"t","3718":"\\","3719":"n","3720":"\\","3721":"t","3722":"\\","3723":"t","3724":"\\","3725":"t","3726":"\\","3727":"t","3728":"\\","3729":"t","3730":"\\","3731":"t","3732":"\\","3733":"t","3734":"<","3735":"t","3736":"h","3737":" ","3738":"s","3739":"t","3740":"y","3741":"l","3742":"e","3743":"=","3744":"\\","3745":"\"","3746":"w","3747":"i","3748":"d","3749":"t","3750":"h","3751":":","3752":"2","3753":"0","3754":"%","3755":"\\","3756":"\"","3757":">","3758":"<","3759":"/","3760":"t","3761":"h","3762":">","3763":"\\","3764":"n","3765":"\\","3766":"t","3767":"\\","3768":"t","3769":"\\","3770":"t","3771":"\\","3772":"t","3773":"\\","3774":"t","3775":"\\","3776":"t","3777":"\\","3778":"t","3779":"\\","3780":"n","3781":"\\","3782":"t","3783":"\\","3784":"t","3785":"\\","3786":"t","3787":"\\","3788":"t","3789":"\\","3790":"t","3791":"\\","3792":"t","3793":"<","3794":"/","3795":"t","3796":"r","3797":">","3798":"\\","3799":"n","3800":"\\","3801":"t","3802":"\\","3803":"t","3804":"\\","3805":"t","3806":"\\","3807":"t","3808":"\\","3809":"t","3810":"\\","3811":"t","3812":"\\","3813":"n","3814":"\\","3815":"t","3816":"\\","3817":"t","3818":"\\","3819":"t","3820":"\\","3821":"t","3822":"\\","3823":"t","3824":"\\","3825":"t","3826":"<","3827":"/","3828":"t","3829":"h","3830":"e","3831":"a","3832":"d","3833":">","3834":"\\","3835":"n","3836":"\\","3837":"t","3838":"\\","3839":"t","3840":"\\","3841":"t","3842":"\\","3843":"t","3844":"\\","3845":"t","3846":"\\","3847":"t","3848":"\\","3849":"n","3850":"\\","3851":"t","3852":"\\","3853":"t","3854":"\\","3855":"t","3856":"\\","3857":"t","3858":"\\","3859":"t","3860":"\\","3861":"t","3862":"<","3863":"t","3864":"b","3865":"o","3866":"d","3867":"y","3868":"\\","3869":"n","3870":"\\","3871":"t","3872":"\\","3873":"t","3874":"\\","3875":"t","3876":"\\","3877":"t","3878":"\\","3879":"t","3880":"\\","3881":"t","3882":"\\","3883":"t","3884":"\\","3885":"t","3886":"\\","3887":"n","3888":"\\","3889":"t","3890":"\\","3891":"t","3892":"\\","3893":"t","3894":"\\","3895":"t","3896":"\\","3897":"t","3898":"\\","3899":"t","3900":"\\","3901":"t","3902":"\\","3903":"t","3904":"v","3905":"-","3906":"f","3907":"o","3908":"r","3909":"=","3910":"\\","3911":"\"","3912":"p","3913":"o","3914":"s","3915":"t","3916":" ","3917":"i","3918":"n","3919":" ","3920":"d","3921":"i","3922":"s","3923":"p","3924":"l","3925":"a","3926":"y","3927":"e","3928":"d","3929":"P","3930":"o","3931":"s","3932":"t","3933":"s","3934":"\\","3935":"\"","3936":"\\","3937":"n","3938":"\\","3939":"t","3940":"\\","3941":"t","3942":"\\","3943":"t","3944":"\\","3945":"t","3946":"\\","3947":"t","3948":"\\","3949":"t","3950":"\\","3951":"t","3952":"\\","3953":"t","3954":"\\","3955":"n","3956":"\\","3957":"t","3958":"\\","3959":"t","3960":"\\","3961":"t","3962":"\\","3963":"t","3964":"\\","3965":"t","3966":"\\","3967":"t","3968":"\\","3969":"t","3970":"\\","3971":"t","3972":":","3973":"k","3974":"e","3975":"y","3976":"=","3977":"\\","3978":"\"","3979":"p","3980":"o","3981":"s","3982":"t","3983":".","3984":"i","3985":"d","3986":"\\","3987":"\"","3988":">","3989":"\\","3990":"n","3991":"\\","3992":"t","3993":"\\","3994":"t","3995":"\\","3996":"t","3997":"\\","3998":"t","3999":"\\","4000":"t","4001":"\\","4002":"t","4003":"\\","4004":"n","4005":"\\","4006":"t","4007":"\\","4008":"t","4009":"\\","4010":"t","4011":"\\","4012":"t","4013":"\\","4014":"t","4015":"\\","4016":"t","4017":"<","4018":"t","4019":"d","4020":">","4021":"{","4022":"{","4023":"p","4024":"o","4025":"s","4026":"t","4027":".","4028":"i","4029":"d","4030":"}","4031":"}","4032":".","4033":"<","4034":"/","4035":"t","4036":"d","4037":">","4038":"\\","4039":"n","4040":"\\","4041":"t","4042":"\\","4043":"t","4044":"\\","4045":"t","4046":"\\","4047":"t","4048":"\\","4049":"t","4050":"\\","4051":"t","4052":"\\","4053":"n","4054":"\\","4055":"t","4056":"\\","4057":"t","4058":"\\","4059":"t","4060":"\\","4061":"t","4062":"\\","4063":"t","4064":"\\","4065":"t","4066":"<","4067":"t","4068":"d","4069":">","4070":"{","4071":"{","4072":"p","4073":"o","4074":"s","4075":"t","4076":".","4077":"t","4078":"i","4079":"t","4080":"l","4081":"e","4082":"}","4083":"}","4084":"<","4085":"/","4086":"t","4087":"d","4088":">","4089":"\\","4090":"n","4091":"\\","4092":"t","4093":"\\","4094":"t","4095":"\\","4096":"t","4097":"\\","4098":"t","4099":"\\","4100":"t","4101":"\\","4102":"t","4103":"\\","4104":"n","4105":"\\","4106":"t","4107":"\\","4108":"t","4109":"\\","4110":"t","4111":"\\","4112":"t","4113":"\\","4114":"t","4115":"\\","4116":"t","4117":"<","4118":"t","4119":"d","4120":">","4121":"{","4122":"{","4123":"p","4124":"o","4125":"s","4126":"t","4127":".","4128":"b","4129":"o","4130":"d","4131":"y","4132":".","4133":"s","4134":"l","4135":"i","4136":"c","4137":"e","4138":"(","4139":"0","4140":",","4141":" ","4142":"1","4143":"2","4144":"0","4145":")","4146":"}","4147":"}","4148":".","4149":".","4150":".","4151":"<","4152":"/","4153":"t","4154":"d","4155":">","4156":"\\","4157":"n","4158":"\\","4159":"t","4160":"\\","4161":"t","4162":"\\","4163":"t","4164":"\\","4165":"t","4166":"\\","4167":"t","4168":"\\","4169":"t","4170":"\\","4171":"n","4172":"\\","4173":"t","4174":"\\","4175":"t","4176":"\\","4177":"t","4178":"\\","4179":"t","4180":"\\","4181":"t","4182":"\\","4183":"t","4184":"<","4185":"t","4186":"d","4187":" ","4188":"c","4189":"l","4190":"a","4191":"s","4192":"s","4193":"=","4194":"\\","4195":"\"","4196":"p","4197":"r","4198":"o","4199":"j","4200":"e","4201":"c","4202":"t","4203":"-","4204":"a","4205":"c","4206":"t","4207":"i","4208":"o","4209":"n","4210":"s","4211":" ","4212":"t","4213":"e","4214":"x","4215":"t","4216":"-","4217":"r","4218":"i","4219":"g","4220":"h","4221":"t","4222":"\\","4223":"\"","4224":">","4225":"\\","4226":"n","4227":"\\","4228":"t","4229":"\\","4230":"t","4231":"\\","4232":"t","4233":"\\","4234":"t","4235":"\\","4236":"t","4237":"\\","4238":"t","4239":"\\","4240":"t","4241":"\\","4242":"n","4243":"\\","4244":"t","4245":"\\","4246":"t","4247":"\\","4248":"t","4249":"\\","4250":"t","4251":"\\","4252":"t","4253":"\\","4254":"t","4255":"\\","4256":"t","4257":"<","4258":"r","4259":"o","4260":"u","4261":"t","4262":"e","4263":"r","4264":"-","4265":"l","4266":"i","4267":"n","4268":"k","4269":" ","4270":"c","4271":"l","4272":"a","4273":"s","4274":"s","4275":"=","4276":"\\","4277":"\"","4278":"b","4279":"t","4280":"n","4281":" ","4282":"b","4283":"t","4284":"n","4285":"-","4286":"i","4287":"n","4288":"f","4289":"o","4290":" ","4291":"b","4292":"t","4293":"n","4294":"-","4295":"s","4296":"m","4297":"\\","4298":"\"","4299":" ","4300":"i","4301":"d","4302":"=","4303":"\\","4304":"\"","4305":"u","4306":"p","4307":"d","4308":"a","4309":"t","4310":"e","4311":"\\","4312":"\"","4313":" ","4314":":","4315":"t","4316":"o","4317":"=","4318":"\\","4319":"\"","4320":"'","4321":"/","4322":"u","4323":"p","4324":"d","4325":"a","4326":"t","4327":"e","4328":"/","4329":"'","4330":"+","4331":"p","4332":"o","4333":"s","4334":"t","4335":".","4336":"i","4337":"d","4338":"\\","4339":"\"","4340":">","4341":"\\","4342":"n","4343":"\\","4344":"t","4345":"\\","4346":"t","4347":"\\","4348":"t","4349":"\\","4350":"t","4351":"\\","4352":"t","4353":"\\","4354":"t","4355":"\\","4356":"t","4357":"\\","4358":"t","4359":"\\","4360":"n","4361":"\\","4362":"t","4363":"\\","4364":"t","4365":"\\","4366":"t","4367":"\\","4368":"t","4369":"\\","4370":"t","4371":"\\","4372":"t","4373":"\\","4374":"t","4375":"\\","4376":"t","4377":"<","4378":"i","4379":" ","4380":"c","4381":"l","4382":"a","4383":"s","4384":"s","4385":"=","4386":"\\","4387":"\"","4388":"f","4389":"a","4390":"s","4391":" ","4392":"f","4393":"a","4394":"-","4395":"p","4396":"e","4397":"n","4398":"c","4399":"i","4400":"l","4401":"-","4402":"a","4403":"l","4404":"t","4405":"\\","4406":"\"","4407":">","4408":"<","4409":"/","4410":"i","4411":">","4412":" ","4413":"E","4414":"d","4415":"i","4416":"t","4417":"\\","4418":"n","4419":"\\","4420":"t","4421":"\\","4422":"t","4423":"\\","4424":"t","4425":"\\","4426":"t","4427":"\\","4428":"t","4429":"\\","4430":"t","4431":"\\","4432":"t","4433":"\\","4434":"t","4435":"\\","4436":"n","4437":"\\","4438":"t","4439":"\\","4440":"t","4441":"\\","4442":"t","4443":"\\","4444":"t","4445":"\\","4446":"t","4447":"\\","4448":"t","4449":"\\","4450":"t","4451":"<","4452":"/","4453":"r","4454":"o","4455":"u","4456":"t","4457":"e","4458":"r","4459":"-","4460":"l","4461":"i","4462":"n","4463":"k","4464":">","4465":"\\","4466":"n","4467":"\\","4468":"t","4469":"\\","4470":"t","4471":"\\","4472":"t","4473":"\\","4474":"t","4475":"\\","4476":"t","4477":"\\","4478":"t","4479":"\\","4480":"t","4481":"\\","4482":"n","4483":"\\","4484":"t","4485":"\\","4486":"t","4487":"\\","4488":"t","4489":"\\","4490":"t","4491":"\\","4492":"t","4493":"\\","4494":"t","4495":"\\","4496":"t","4497":"<","4498":"a","4499":" ","4500":" ","4501":"t","4502":"y","4503":"p","4504":"e","4505":"=","4506":"\\","4507":"\"","4508":"b","4509":"u","4510":"t","4511":"t","4512":"o","4513":"n","4514":"\\","4515":"\"","4516":" ","4517":"c","4518":"l","4519":"a","4520":"s","4521":"s","4522":"=","4523":"\\","4524":"\"","4525":"b","4526":"t","4527":"n","4528":" ","4529":"b","4530":"t","4531":"n","4532":"-","4533":"d","4534":"a","4535":"n","4536":"g","4537":"e","4538":"r","4539":" ","4540":"b","4541":"t","4542":"n","4543":"-","4544":"s","4545":"m","4546":"\\","4547":"\"","4548":" ","4549":"i","4550":"d","4551":"=","4552":"\\","4553":"\"","4554":"d","4555":"e","4556":"l","4557":"e","4558":"t","4559":"e","4560":"\\","4561":"\"","4562":" ","4563":"@","4564":"c","4565":"l","4566":"i","4567":"c","4568":"k","4569":"=","4570":"\\","4571":"\"","4572":"d","4573":"e","4574":"l","4575":"e","4576":"t","4577":"e","4578":"P","4579":"o","4580":"s","4581":"t","4582":"(","4583":"p","4584":"o","4585":"s","4586":"t","4587":".","4588":"i","4589":"d","4590":")","4591
[...]
","5648":"\\","5649":"n","5650":"\\","5651":"t","5652":" ","5653":" ","5654":" ","5655":" ","5656":" ","5657":" ","5658":"p","5659":"o","5660":"s","5661":"t","5662":"s","5663":":","5664":"[","5665":"]","5666":",","5667":"\\","5668":"n","5669":"\\","5670":"t","5671":"\\","5672":"t","5673":" ","5674":" ","5675":" ","5676":" ","5677":" ","5678":" ","5679":"\\","5680":"n","5681":"\\","5682":"t","5683":"\\","5684":"t","5685":" ","5686":" ","5687":" ","5688":" ","5689":" ","5690":" ","5691":"l","5692":"o","5693":"a","5694":"d","5695":"i","5696":"n","5697":"g","5698":":","5699":"f","5700":"a","5701":"l","5702":"s","5703":"e","5704":",","5705":"\\","5706":"n","5707":"\\","5708":"t","5709":"\\","5710":"t","5711":" ","5712":" ","5713":" ","5714":" ","5715":" ","5716":" ","5717":"\\","5718":"n","5719":"\\","5720":"t","5721":"\\","5722":"t","5723":" ","5724":" ","5725":" ","5726":" ","5727":" ","5728":" ","5729":"p","5730":"a","5731":"r","5732":"a","5733":"m","5734":"s","5735":":","5736":"n","5737":"u","5738":"l","5739":"l","5740":"\\","5741":"n","5742":" ","5743":" ","5744":" ","5745":" ","5746":" ","5747":" ","5748":"}","5749":";","5750":"\\","5751":"n","5752":"\\","5753":"t","5754":" ","5755":" ","5756":"\\","5757":"n","5758":" ","5759":" ","5760":" ","5761":" ","5762":"}","5763":",","5764":"\\","5765":"n","5766":"m","5767":"e","5768":"t","5769":"h","5770":"o","5771":"d","5772":"s","5773":":","5774":"{","5775":"\\","5776":"n","5777":"\\","5778":"t","5779":"o","5780":"n","5781":"S","5782":"u","5783":"b","5784":"m","5785":"i","5786":"t","5787":"(","5788":"i","5789":"d","5790":")","5791":" ","5792":"{","5793":"\\","5794":"n","5795":"\\","5796":"t","5797":"\\","5798":"t","5799":"\\","5800":"n","5801":"\\","5802":"t","5803":"\\","5804":"t","5805":"i","5806":"f","5807":"(","5808":"t","5809":"h","5810":"i","5811":"s","5812":".","5813":"p","5814":"o","5815":"s","5816":"t","5817":"s","5818":".","5819":"t","5820":"i","5821":"t","5822":"l","5823":"e","5824":" ","5825":"=","5826":"=","5827":" ","5828":"'","5829":"'","5830":"|","5831":"|","5832":" ","5833":"t","5834":"h","5835":"i","5836":"s","5837":".","5838":"p","5839":"o","5840":"s","5841":"t","5842":"s","5843":".","5844":"b","5845":"o","5846":"d","5847":"y","5848":" ","5849":"=","5850":"=","5851":" ","5852":"'","5853":"'","5854":" ","5855":")","5856":"{","5857":"\\","5858":"n","5859":"\\","5860":"t","5861":"\\","5862":"t","5863":"\\","5864":"t","5865":"\\","5866":"n","5867":"\\","5868":"t","5869":"\\","5870":"t","5871":"\\","5872":"t","5873":"r","5874":"e","5875":"t","5876":"u","5877":"r","5878":"n","5879":" ","5880":"f","5881":"a","5882":"l","5883":"s","5884":"e","5885":"\\","5886":"n","5887":"\\","5888":"t","5889":"\\","5890":"t","5891":"\\","5892":"t","5893":"\\","5894":"n","5895":"\\","5896":"t","5897":"\\","5898":"t","5899":"}","5900":"e","5901":"l","5902":"s","5903":"e","5904":" ","5905":"{","5906":"\\","5907":"n","5908":"\\","5909":"t","5910":"\\","5911":"t","5912":"\\","5913":"t","5914":"\\","5915":"t","5916":"\\","5917":"n","5918":"\\","5919":"t","5920":"\\","5921":"t","5922":"\\","5923":"t","5924":"\\","5925":"t","5926":"t","5927":"h","5928":"i","5929":"s","5930":".","5931":"l","5932":"o","5933":"a","5934":"d","5935":"i","5936":"n","5937":"g","5938":" ","5939":"=","5940":" ","5941":"t","5942":"r","5943":"u","5944":"e","5945":";","5946":"\\","5947":"n","5948":"\\","5949":"t","5950":"\\","5951":"t","5952":"\\","5953":"t","5954":"\\","5955":"t","5956":"\\","5957":"n","5958":"\\","5959":"t","5960":"\\","5961":"t","5962":"\\","5963":"t","5964":"a","5965":"x","5966":"i","5967":"o","5968":"s","5969":".","5970":"p","5971":"u","5972":"t","5973":"(","5974":"t","5975":"h","5976":"i","5977":"s","5978":".","5979":"b","5980":"a","5981":"s","5982":"e","5983":"U","5984":"r","5985":"l","5986":"+","5987":"t","5988":"h","5989":"i","5990":"s","5991":".","5992":"p","5993":"o","5994":"s","5995":"t","5996":"s","5997":".","5998":"i","5999":"d","6000":",","6001":"{","6002":"\\","6003":"n","6004":"\\","6005":"t","6006":"\\","6007":"t","6008":"\\","6009":"t","6010":"\\","6011":"t","6012":"\\","6013":"t","6014":"\\","6015":"n","6016":"\\","6017":"t","6018":"\\","6019":"t","6020":"\\","6021":"t","6022":"\\","6023":"t","6024":"\\","6025":"t","6026":"i","6027":"d","6028":":","6029":"t","6030":"h","6031":"i","6032":"s","6033":".","6034":"p","6035":"o","6036":"s","6037":"t","6038":"s","6039":".","6040":"t","6041":"i","6042":"t","6043":"l","6044":"e","6045":",","6046":"\\","6047":"n","6048":"\\","6049":"t","6050":"\\","6051":"t","6052":"\\","6053":"t","6054":"\\","6055":"t","6056":"\\","6057":"t","6058":"\\","6059":"n","6060":"\\","6061":"t","6062":"\\","6063":"t","6064":"\\","6065":"t","6066":"\\","6067":"t","6068":"\\","6069":"t","6070":"\\","6071":"t","6072":"\\","6073":"t","6074":"u","6075":"s","6076":"e","6077":"r","6078":"I","6079":"d","6080":":","6081":"t","6082":"h","6083":"i","6084":"s","6085":".","6086":"p","6087":"o","6088":"s","6089":"t","6090":"s","6091":".","6092":"u","6093":"s","6094":"e","6095":"r","6096":"I","6097":"d","6098":",","6099":"\\","6100":"n","6101":"\\","6102":"t","6103":"\\","6104":"t","6105":"\\","6106":"t","6107":"\\","6108":"t","6109":"\\","6110":"t","6111":"\\","6112":"n","6113":"\\","6114":"t","6115":"\\","6116":"t","6117":"\\","6118":"t","6119":"\\","6120":"t","6121":"\\","6122":"t","6123":"\\","6124":"t","6125":"\\","6126":"t","6127":"t","6128":"i","6129":"t","6130":"l","6131":"e","6132":":","6133":"t","6134":"h","6135":"i","6136":"s","6137":".","6138":"p","6139":"o","6140":"s","6141":"t","6142":"s","6143":".","6144":"t","6145":"i","6146":"t","6147":"l","6148":"e","6149":",","6150":"\\","6151":"n","6152":"\\","6153":"t","6154":"\\","6155":"t","6156":"\\","6157":"t","6158":"\\","6159":"t","6160":"\\","6161":"t","6162":"\\","6163":"n","6164":"\\","6165":"t","6166":"\\","6167":"t","6168":"\\","6169":"t","6170":"\\","6171":"t","6172":"\\","6173":"t","6174":"\\","6175":"t","6176":"\\","6177":"t","6178":"b","6179":"o","6180":"d","6181":"y","6182":":","6183":"t","6184":"h","6185":"i","6186":"s","6187":".","6188":"p","6189":"o","6190":"s","6191":"t","6192":"s","6193":".","6194":"b","6195":"o","6196":"d","6197":"y","6198":"\\","6199":"n","6200":"\\","6201":"t","6202":"\\","6203":"t","6204":"\\","6205":"t","6206":"}","6207":")","6208":"\\","6209":"n","6210":"\\","6211":"t","6212":"\\","6213":"t","6214":"\\","6215":"t","6216":"\\","6217":"n","6218":"\\","6219":"t","6220":"\\","6221":"t","6222":"\\","6223":"t","6224":".","6225":"t","6226":"h","6227":"e","6228":"n","6229":"(","6230":"r","6231":"e","6232":"s","6233":"p","6234":"o","6235":"n","6236":"s","6237":"e","6238":" ","6239":"=","6240":">","6241":" ","6242":"{","6243":"\\","6244":"n","6245":"\\","6246":"t","6247":"\\","6248":"t","6249":"\\","6250":"t","6251":"\\","6252":"t","6253":"\\","6254":"t","6255":"\\","6256":"n","6257":"\\","6258":"t","6259":"\\","6260":"t","6261":"\\","6262":"t","6263":"\\","6264":"t","6265":"\\","6266":"t","6267":"t","6268":"h","6269":"i","6270":"s","6271":".","6272":"l","6273":"o","6274":"a","6275":"d","6276":"i","6277":"n","6278":"g","6279":" ","6280":"=","6281":" ","6282":"f","6283":"a","6284":"l","6285":"s","6286":"e","6287":";","6288":"\\","6289":"n","6290":"\\","6291":"t","6292":"\\","6293":"t","6294":"\\","6295":"t","6296":"\\","6297":"t","6298":"\\","6299":"t","6300":"\\","6301":"n","6302":"\\","6303":"t","6304":"\\","6305":"t","6306":"\\","6307":"t","6308":"\\","6309":"t","6310":"c","6311":"o","6312":"n","6313":"s","6314":"o","6315":"l","6316":"e","6317":".","6318":"l","6319":"o","6320":"g","6321":"(","6322":"r","6323":"e","6324":"s","6325":"p","6326":"o","6327":"n","6328":"s","6329":"e","6330":")","6331":"\\","6332":"n","6333":"\\","6334":"t","6335":"\\","6336":"t","6337":"\\","6338":"t","6339":"\\","6340":"t","6341":"\\","6342":"n","6343":"\\","6344":"t","6345":"\\","6346":"t","6347":"\\","6348":"t","6349":"\\","6350":"t","6351":"t","6352":"h","6353":"i","6354":"s","6355":".","6356":"r","6357":"e","6358":"s","6359":"=","6360":"\\","6361":"\"","6362":"U","6363":"p","6364":"d","6365":"a","6366":"t","6367":"e","6368":"d","6369":" ","6370":"S","6371":"u","6372":"c","6373":"c","6374":"e","6375":"s","6376":"s","6377":"f","6378":"u","6379":"l","6380":"l","6381":"y","6382":"\\","6383":"\"","6384":";","6385":"\\","6386":"n","6387":"\\","6388":"t","6389":"\\","6390":"t","6391":"\\","6392":"t","6393":"\\","6394":"t","6395":"\\","6396":"n","6397":"\\","6398":"t","6399":"\\","6400":"t","6401":"\\","6402":"t","6403":"\\","6404":"t","6405":"t","6406":"h","6407":"i","6408":"s","6409":".","6410":"$","6411":"s","6412":"w","6413":"a","6414":"l","6415":"(","6416":"{","6417":"\\","6418":"n","6419":"\\","6420":"t","6421":"\\","6422":"t","6423":"\\","6424":"t","6425":"\\","6426":"t","6427":" ","6428":" ","6429":" ","6430":" ","6431":"i","6432":"c","6433":"o","6434":"n","6435":":","6436":" ","6437":"'","6438":"s","6439":"u","6440":"c","6441":"c","6442":"e","6443":"s","6444":"s","6445":"'","6446":",","6447":"\\","6448":"n","6449":"\\","6450":"t","6451":"\\","6452":"t","6453":"\\","6454":"t","6455":"\\","6456":"t","6457":"\\","6458":"t","6459":"\\","6460":"t","6461":"t","6462":"i","6463":"t","6464":"l","6465":"e","6466":":","6467":" ","6468":"'","6469":"S","6470":"u","6471":"c","6472":"c","6473":"e","6474":"s","6475":"s","6476":".","6477":".","6478":".","6479":"'","6480":",","6481":"\\","6482":"n","6483":"\\","6484":"t","6485":"\\","6486":"t","6487":"\\","6488":"t","6489":"\\","6490":"t","6491":"\\","6492":"t","6493":"\\","6494":"t","6495":"t","6496":"e","6497":"x","6498":"t","6499":":","6500":" ","6501":"t","6502":"h","6503":"i","6504":"s","6505":".","6506":"r","6507":"e","6508":"s","6509":",","6510":"\\","6511":"n","6512":"\\","6513":"t","6514":"\\","6515":"t","6516":"\\","6517":"t","6518":"\\","6519":"t","6520":"\\","6521":"t","6522":"\\","6523":"t","6524":"t","6525":"i","6526":"m","6527":"e","6528":"r","6529":":","6530":" ","6531":"1","6532":"5","6533":"0","6534":"0","6535":"\\","6536":"n","6537":"\\","6538":"t","6539":"\\","6540":"t","6541":"\\","6542":"t","6543":"}","6544":")","6545":";","6546":"\\","6547":"n","6548":"\\","6549":"t","6550":"\\","6551":"t","6552":"\\","6553":"t","6554":"\\","6555":"n","6556":"\\","6557":"t","6558":"\\","6559":"t","6560":"\\","6561":"t","6562":"}","6563":")","6564":"\\","6565":"n","6566":"\\","6567":"t","6568":"\\","6569":"t","6570":"\\","6571":"t","6572":".","6573":"c","6574":"a","6575":"t","6576":"c","6577":"h","6578":"(","6579":"e","6580":"r","6581":"r","6582":" ","6583":"=","6584":">","6585":" ","6586":"{","6587":"\\","6588":"n","6589":"\\","6590":"t","6591":"\\","6592":"t","6593":"\\","6594":"t","6595":"\\","6596":"t","6597":"\\","6598":"t","6599":"\\","6600":"n","6601":"\\","6602":"t","6603":"\\","6604":"t","6605":"\\","6606":"t","6607":"\\","6608":"t","6609":"\\","6610":"t","6611":"t","6612":"h","6613":"i","6614":"s","6615":".","6616":"l","6617":"o","6618":"a","6619":"d","6620":"i","6621":"n","6622":"g","6623":" ","6624":"=","6625":" ","6626":"f","6627":"a","6628":"l","6629":"s","6630":"e","6631":";","6632":"\\","6633":"n","6634":"\\","6635":"t","6636":"\\","6637":"t","6638":"\\","6639":"t","6640":"\\","6641":"t","6642":"\\","6643":"t","6644":"\\","6645":"n","6646":"\\","6647":"t","6648":"\\","6649":"t","6650":"\\","6651":"t","6652":"\\","6653":"t","6654":"t","6655":"h","6656":"i","6657":"s","6658":".","6659":"$","6660":"s","6661":"w","6662":"a","6663":"l","6664":"(","6665":"{","6666":"\\","6667":"n","6668":"\\","6669":"t","6670":"\\","6671":"t","6672":"\\","6673":"t","6674":"\\","6675":"t","6676":"\\","6677":"t","6678":" ","6679":" ","6680":"i","6681":"c","6682":"o","6683":"n","6684":":","6685":" ","6686":"'","6687":"e","6688":"r","6689":"r","6690":"o","6691":"r","6692":"'","6693":",","6694":"\\","6695":"n","6696":"\\","6697":"t","6698":"\\","6699":"t","6700":"\\","6701":"t","6702":"\\","6703":"t","6704":"\\","6705":"t","6706":"\\","6707":"t","6708":"t","6709":"i","6710":"t","6711":"l","6712":"e","6713":":","6714":" ","6715":"'","6716":"E","6717":"r","6718":"r","6719":"o","6720":"r","6721":".","6722":".","6723":".","6724":"'","6725":",","6726":"\\","6727":"n","6728":"\\","6729":"t","6730":"\\","6731":"t","6732":"\\","6733":"t","6734":"\\","6735":"t","6736":"\\","6737":"t","6738":"\\","6739":"t","6740":"t","6741":"e","6742":"x","6743":"t","6744":":","6745":" ","6746":"'","6747":"S","6748":"o","6749":"m","6750":"e","6751":"t","6752":"h","6753":"i","6754":"n","6755":"g","6756":" ","6757":"w","6758":"e","6759":"n","6760":"t","6761":" ","6762":"w","6763":"r","6764":"o","6765":"n","6766":"g","6767":".","6768":"'","6769":",","6770":"\\","6771":"n","6772":"\\","6773":"t","6774":"\\","6775":"t","6776":"\\","6777":"t","6778":"}","6779":")","6780":";","6781":"\\","6782":"n","6783":"\\","6784":"t","6785":"\\","6786":"t","6787":"\\","6788":"t","6789":"\\","6790":"n","6791":"\\","6792":"t","6793":"\\","6794":"t","6795":"\\","6796":"t","6797":"}","6798":")","6799":";","6800":"\\","6801":"n","6802":"\\","6803":"t","6804":"\\","6805":"n","6806":"\\","6807":"t","6808":"\\","6809":"t","6810":"}","6811":"\\","6812":"n","6813":"\\","6814":"t","6815":"\\","6816":"t","6817":"\\","6818":"n","6819":"\\","6820":"t","6821":"}","6822":",","6823":"\\","6824":"n","6825":"\\","6826":"t","6827":"u","6828":"p","6829":"d","6830":"a","6831":"t","6832":"e","6833":"R","6834":"e","6835":"d","6836":"i","6837":"r","6838":"e","6839":"c","6840":"t","6841":"(","6842":")","6843":"{","6844":"\\","6845":"n","6846":"\\","6847":"t","6848":"\\","6849":"t","6850":"\\","6851":"n","6852":"\\","6853":"t","6854":"\\","6855":"t","6856":"t","6857":"h","6858":"i","6859":"s","6860":".","6861":"$","6862":"r","6863":"o","6864":"u","6865":"t","6866":"e","6867":"r","6868":".","6869":"p","6870":"u","6871":"s","6872":"h","6873":"(","6874":"'","6875":"/","6876":"h","6877":"o","6878":"m","6879":"e","6880":"'","6881":")","6882":"\\","6883":"n","6884":"\\","6885":"t","6886":"\\","6887":"t","6888":"\\","6889":"n","6890":"\\","6891":"t","6892":"}","6893":",","6894":"\\","6895":"n","6896":"\\","6897":"t","6898":"\\","6899":"n","6900":"\\","6901":"t","6902":"g","6903":"e","6904":"t","6905":"P","6906":"o","6907":"s","6908":"t","6909":"s","6910":"(","6911":"i","6912":"d","6913":")","6914":" ","6915":"{","6916":"\\","6917":"n","6918":"\\","6919":"t","6920":"\\","6921":"t","6922":"\\","6923":"n","6924":"\\","6925":"t","6926":"\\","6927":"t","6928":"a","6929":"x","6930":"i","6931":"o","6932":"s","6933":".","6934":"g","6935":"e","6936":"t","6937":"(","6938":"t","6939":"h","6940":"i","6941":"s","6942":".","6943":"b","6944":"a","6945":"s","6946":"e","6947":"U","6948":"r","6949":"l","6950":"+","6951":"i","6952":"d","6953":")","6954":"\\","6955":"n","6956":"\\","6957":"t","6958":"\\","6959":"t","6960":"\\","6961":"n","6962":"\\","6963":"t","6964":"\\","6965":"t","6966":".","6967":"t","6968":"h","6969":"e","6970":"n","6971":"(","6972":"r","6973":"e","6974":"s","6975":"p","6976":"o","6977":"n","6978":"s","6979":"e","6980":" ","6981":"=","6982":">","6983":" ","6984":"{","6985":"\\","6986":"n","6987":"\\","6988":"t","6989":"\\","6990":"t","6991":"\\","6992":"t","6993":"\\","6994":"n","6995":"\\","6996":"t","6997":"\\","6998":"t","6999":"\\","7000":"t","7001":"t","7002":"h","7003":"i","7004":"s","7005":".","7006":"p","7007":"o","7008":"s","7009":"t","7010":"s","7011":"=","7012":"r","7013":"e","7014":"s","7015":"p","7016":"o","7017":"n","7018":"s","7019":"e","7020":".","7021":"d","7022":"a","7023":"t","7024":"a","7025":";","7026":"\\","7027":"n","7028":"\\","7029":"t","7030":"\\","7031":"t","7032":"}","7033":")","7034":"\\","7035":"n","7036":"\\","7037":"t","7038":"\\","7039":"t","7040":"\\","7041":"n","7042":"\\","7043":"t","7044":"\\","7045":"t","7046":".","7047":"c","7048":"a","7049":"t","7050":"c","7051":"h","7052":"(","7053":"r","7054":"e","7055":"s","7056":"p","7057":"o","7058":"n","7059":"s","7060":"e","7061":" ","7062":"=","7063":">","7064":" ","7065":"{","7066":"\\","7067":"n","7068":"\\","7069":"t","7070":"\\","7071":"t","7072":"\\","7073":"t","7074":"\\","7075":"n","7076":"\\","7077":"t","7078":"\\","7079":"t","7080":"\\","7081":"t","7082":"c","7083":"o","7084":"n","7085":"s","7086":"o","7087":"l","7088":"e","7089":".","7090":"l","7091":"o","7092":"g","7093":"(","7094":"r","7095":"e","7096":"s","7097":"p","7098":"o","7099":"n","7100":"s","7101":"e","7102":")","7103":";","7104":"\\","7105":"n","7106":"\\","7107":"t","7108":"\\","7109":"t","7110":"}","7111":")","7112":";","7113":"\\","7114":"n","7115":"\\","7116":"t","7117":"\\","7118":"t","7119":"\\","7120":"n","7121":"\\","7122":"t","7123":"}","7124":",","7125":"\\","7126":"n","7127":"\\","7128":"t","7129":" ","7130":" ","7131":"v","7132":"a","7133":"l","7134":"i","7135":"d","7136":"a","7137":"t","7138":"e","7139":"F","7140":"o","7141":"r","7142":"m","7143":"(","7144":"v","7145":"a","7146":"l","7147":"u","7148":"e","7149":")","7150":" ","7151":"{","7152":"\\","7153":"n","7154":"\\","7155":"n","7156":"\\","7157":"t","7158":"\\","7159":"t","7160":"\\","7161":"t","7162":"i","7163":"f","7164":" ","7165":"(","7166":"!","7167":"v","7168":"a","7169":"l","7170":"u","7171":"e","7172":")","7173":" ","7174":"{","7175":"\\","7176":"n","7177":"\\","7178":"n","7179":"\\","7180":"t","7181":"\\","7182":"t","7183":"\\","7184":"t","7185":"\\","7186":"t","7187":" ","7188":" ","7189":"r","7190":"e","7191":"t","7192":"u","7193":"r","7194":"n","7195":" ","7196":"'","7197":"T","7198":"h","7199":"i","7200":"s","7201":" ","7202":"f","7203":"i","7204":"e","7205":"l","7206":"d","7207":" ","7208":"i","7209":"s","7210":" ","7211":"r","7212":"e","7213":"q","7214":"u","7215":"i","7216":"r","7217":"e","7218":"d","7219":"'","7220":";","7221":"\\","7222":"n","7223":"\\","7224":"n","7225":"\\","7226":"t","7227":"\\","7228":"t","7229":"\\","7230":"t","7231":"}","7232":"\\","7233":"n","7234":"\\","7235":"n","7236":"\\","7237":"t","7238":"\\","7239":"t","7240":"\\","7241":"t","7242":"e","7243":"l","7244":"s","7245":"e","7246":"{","7247":"\\","7248":"n","7249":"\\","7250":"n","7251":"\\","7252":"t","7253":"\\","7254":"t","7255":"\\","7256":"t","7257":"\\","7258":"t","7259":" ","7260":" ","7261":"r","7262":"e","7263":"t","7264":"u","7265":"r","7266":"n","7267":" ","7268":"'","7269":"'","7270":"\\","7271":"n","7272":"\\","7273":"t","7274":"\\","7275":"t","7276":"\\","7277":"t","7278":"}","7279":"\\","7280":"n","7281":"\\","7282":"n","7283":"\\","7284":"t","7285":" ","7286":" ","7287":"}","7288":",","7289":"\\","7290":"n","7291":"\\","7292":"t","7293":"\\","7294":"n","7295":"}","7296":",","7297":"\\","7298":"n","7299":"\\","7300":"t","7301":"c","7302":"r","7303":"e","7304":"a","7305":"t","7306":"e","7307":"d","7308":"(","7309":")","7310":" ","7311":"{","7312":"\\","7313":"n","7314":"\\","7315":"t","7316":"\\","7317":"t","7318":"\\","7319":"n","7320":"\\","7321":"t","7322":"\\","7323":"t","7324":"t","7325":"h","7326":"i","7327":"s","7328":".","7329":"g","7330":"e","7331":"t","7332":"P","7333":"o","7334":"s","7335":"t","7336":"s","7337":"(","7338":"t","7339":"h","7340":"i","7341":"s","7342":".","7343":"$","7344":"r","7345":"o","7346":"u","7347":"t","7348":"e","7349":".","7350":"p","7351":"a","7352":"r","7353":"a","7354":"m","7355":"s","7356":".","7357":"i","7358":"d","7359":")","7360":";","7361":"\\","7362":"n","7363":"\\","7364":"t","7365":"}","7366":"\\","7367":"n","7368":"\\","7369":"t","7370":"\\","7371":"n","7372":"}","7373":"\\","7374":"n","7375":"\\","7376":"n","7377":"<","7378":"/","7379":"s","7380":"c","7381":"r","7382":"i","7383":"p","7384":"t","7385":">","7386":"\\","7387":"n","7388":"\\","7389":"n","7390":"<","7391":"s","7392":"t","7393":"y","7394":"l","7395":"e","7396":" ","7397":"s","7398":"c","7399":"o","7400":"p","7401":"e","7402":"d","7403":">","7404":"\\","7405":"n","7406":"\\","7407":"n","7408":"<","7409":"/","7410":"s","7411":"t","7412":"y","7413":"l","7414":"e","7415":">","7416":"\"","7417":"]","7418":"}"},"_coverageSchema":"1a1c01bbd47fc00a2c39e90264f33305004495a9","hash":"fa6d9a606706ff404c6bf6bc8bc415e174ce5aa7"}
}
