TN:
SF:src/App.vue
FN:48,render
FNF:1
FNH:1
FNDA:1,render
DA:4,1
DA:5,1
DA:8,1
DA:41,1
DA:43,1
DA:46,1
DA:47,1
DA:49,1
DA:50,1
DA:51,1
DA:52,1
DA:53,1
LF:12
LH:12
BRF:0
BRH:0
end_of_record
TN:
SF:src/main.js
FN:17,(anonymous_0)
FN:27,(anonymous_1)
FN:42,(anonymous_2)
FN:66,(anonymous_3)
FN:76,(anonymous_4)
FNF:5
FNH:0
FNDA:0,(anonymous_0)
FNDA:0,(anonymous_1)
FNDA:0,(anonymous_2)
FNDA:0,(anonymous_3)
FNDA:0,(anonymous_4)
DA:13,0
DA:17,0
DA:19,0
DA:25,0
DA:29,0
DA:44,0
DA:46,0
DA:48,0
DA:54,0
DA:56,0
DA:68,0
DA:78,0
DA:86,0
DA:88,0
DA:90,0
DA:96,0
DA:98,0
LF:17
LH:0
BRF:0
BRH:0
end_of_record
TN:
SF:src/router.js
FNF:0
FNH:0
DA:11,0
LF:1
LH:0
BRF:0
BRH:0
end_of_record
TN:
SF:src/components/HeaderNav.vue
FN:39,render
FNF:1
FNH:0
FNDA:0,render
DA:4,1
DA:7,1
DA:8,1
DA:13,1
DA:15,1
DA:18,1
DA:19,1
DA:20,1
DA:23,1
DA:35,1
DA:38,1
DA:40,0
DA:41,1
LF:13
LH:12
BRF:0
BRH:0
end_of_record
TN:
SF:src/components/ItemsTodo.vue
FN:179,render
FN:185,(anonymous_1)
FN:186,(anonymous_2)
FN:194,(anonymous_3)
FN:200,(anonymous_4)
FN:205,(anonymous_5)
FN:206,(anonymous_6)
FN:209,(anonymous_7)
FN:213,(anonymous_8)
FNF:9
FNH:2
FNDA:6,render
FNDA:2,(anonymous_1)
FNDA:0,(anonymous_2)
FNDA:0,(anonymous_3)
FNDA:0,(anonymous_4)
FNDA:0,(anonymous_5)
FNDA:0,(anonymous_6)
FNDA:0,(anonymous_7)
FNDA:0,(anonymous_8)
DA:4,1
DA:5,1
DA:8,1
DA:9,1
DA:91,1
DA:93,1
DA:96,1
DA:97,1
DA:98,1
DA:101,1
DA:102,1
DA:105,1
DA:108,1
DA:111,1
DA:116,1
DA:119,1
DA:122,1
DA:123,1
DA:126,1
DA:129,1
DA:146,1
DA:149,1
DA:152,1
DA:153,1
DA:156,1
DA:160,1
DA:163,1
DA:164,1
DA:167,1
DA:168,1
DA:175,1
DA:180,6
DA:181,6
DA:185,2
DA:187,0
DA:194,0
DA:200,0
DA:205,0
DA:207,0
DA:209,0
DA:213,0
DA:216,1
LF:42
LH:35
BRDA:185,0,0,6
BRDA:185,0,1,6
BRDA:202,1,0,0
BRDA:202,1,1,6
BRDA:202,2,0,0
BRDA:202,2,1,6
BRDA:205,3,0,0
BRDA:205,3,1,0
BRDA:211,4,0,0
BRDA:211,4,1,6
BRDA:213,5,0,0
BRDA:213,5,1,0
BRF:12
BRH:5
end_of_record
TN:
SF:src/components/NotFound.vue
FN:23,render
FN:28,(anonymous_1)
FNF:2
FNH:0
FNDA:0,render
FNDA:0,(anonymous_1)
DA:4,0
DA:7,0
DA:8,0
DA:13,0
DA:15,0
DA:18,0
DA:19,0
DA:20,0
DA:24,0
DA:25,0
DA:28,0
DA:31,0
LF:12
LH:0
BRF:0
BRH:0
end_of_record
TN:
SF:src/components/SideNav.vue
FN:11,(anonymous_0)
FN:18,(anonymous_1)
FN:21,(anonymous_2)
FN:24,(anonymous_3)
FN:28,(anonymous_4)
FN:98,render
FN:105,(anonymous_6)
FN:114,(anonymous_7)
FN:116,(anonymous_8)
FNF:9
FNH:0
FNDA:0,(anonymous_0)
FNDA:0,(anonymous_1)
FNDA:0,(anonymous_2)
FNDA:0,(anonymous_3)
FNDA:0,(anonymous_4)
FNDA:0,render
FNDA:0,(anonymous_6)
FNDA:0,(anonymous_7)
FNDA:0,(anonymous_8)
DA:4,1
DA:7,1
DA:8,1
DA:9,1
DA:12,0
DA:19,0
DA:22,0
DA:25,0
DA:26,0
DA:29,0
DA:30,0
DA:36,1
DA:38,1
DA:41,1
DA:42,1
DA:43,1
DA:46,1
DA:56,1
DA:59,1
DA:62,1
DA:68,1
DA:71,1
DA:79,1
DA:82,1
DA:85,1
DA:88,1
DA:89,1
DA:90,1
DA:93,1
DA:96,1
DA:99,0
DA:100,0
DA:106,0
DA:107,0
DA:114,0
DA:116,0
DA:119,1
LF:37
LH:24
BRDA:105,0,0,0
BRDA:105,0,1,0
BRDA:114,1,0,0
BRDA:114,1,1,0
BRF:4
BRH:0
end_of_record
TN:
SF:src/pages/AddTodo.vue
FN:189,render
FN:197,(anonymous_1)
FN:200,(anonymous_2)
FN:202,(anonymous_3)
FN:210,(anonymous_4)
FN:223,(anonymous_5)
FN:231,(anonymous_6)
FN:236,(anonymous_7)
FNF:8
FNH:6
FNDA:8,render
FNDA:0,(anonymous_1)
FNDA:0,(anonymous_2)
FNDA:20,(anonymous_3)
FNDA:2,(anonymous_4)
FNDA:2,(anonymous_5)
FNDA:2,(anonymous_6)
FNDA:2,(anonymous_7)
DA:4,1
DA:5,1
DA:8,1
DA:9,1
DA:92,1
DA:94,1
DA:97,1
DA:98,1
DA:99,1
DA:102,1
DA:105,1
DA:108,1
DA:111,1
DA:114,1
DA:117,1
DA:120,1
DA:123,1
DA:126,1
DA:129,1
DA:132,1
DA:135,1
DA:138,1
DA:143,1
DA:146,1
DA:149,1
DA:152,1
DA:155,1
DA:158,1
DA:161,1
DA:164,1
DA:167,1
DA:170,1
DA:174,1
DA:177,1
DA:178,1
DA:185,1
DA:190,8
DA:191,8
DA:192,8
DA:193,8
DA:194,8
DA:197,0
DA:202,20
DA:210,2
DA:223,2
DA:231,2
DA:236,2
DA:240,1
LF:48
LH:47
BRDA:200,0,0,8
BRDA:200,0,1,6
BRDA:210,1,0,20
BRDA:210,1,1,6
BRDA:223,2,0,20
BRDA:223,2,1,6
BRDA:231,3,0,20
BRDA:231,3,1,6
BRDA:236,4,0,20
BRDA:236,4,1,6
BRDA:239,5,0,2
BRDA:239,5,1,6
BRF:12
BRH:12
end_of_record
TN:
SF:src/pages/ContentSpace.vue
FN:20,render
FNF:1
FNH:0
FNDA:0,render
DA:4,1
DA:7,1
DA:8,1
DA:13,1
DA:15,1
DA:18,1
DA:19,1
DA:21,0
DA:22,0
DA:23,1
LF:10
LH:8
BRF:0
BRH:0
end_of_record
TN:
SF:src/pages/UpdateTodo.vue
FN:186,render
FN:194,(anonymous_1)
FN:197,(anonymous_2)
FN:199,(anonymous_3)
FN:207,(anonymous_4)
FN:220,(anonymous_5)
FN:230,(anonymous_6)
FN:233,(anonymous_7)
FNF:8
FNH:3
FNDA:11,render
FNDA:0,(anonymous_1)
FNDA:0,(anonymous_2)
FNDA:27,(anonymous_3)
FNDA:0,(anonymous_4)
FNDA:0,(anonymous_5)
FNDA:1,(anonymous_6)
FNDA:0,(anonymous_7)
DA:4,1
DA:5,1
DA:8,1
DA:9,1
DA:105,1
DA:107,1
DA:110,1
DA:111,1
DA:112,1
DA:115,1
DA:118,1
DA:121,1
DA:124,1
DA:127,1
DA:130,1
DA:133,1
DA:136,1
DA:139,1
DA:142,1
DA:145,1
DA:148,1
DA:151,1
DA:156,1
DA:160,1
DA:163,1
DA:166,1
DA:169,1
DA:172,1
DA:175,1
DA:178,1
DA:182,1
DA:185,1
DA:187,11
DA:188,11
DA:189,11
DA:190,11
DA:191,11
DA:194,0
DA:199,27
DA:207,0
DA:220,0
DA:230,1
DA:233,0
DA:235,1
LF:44
LH:40
BRDA:196,0,0,11
BRDA:196,0,1,0
BRDA:197,1,0,11
BRDA:197,1,1,9
BRDA:207,2,0,27
BRDA:207,2,1,9
BRDA:220,3,0,27
BRDA:220,3,1,9
BRDA:230,4,0,11
BRDA:230,4,1,9
BRDA:233,5,0,11
BRDA:233,5,1,9
BRDA:234,6,0,2
BRDA:234,6,1,9
BRF:14
BRH:13
end_of_record
